2023-05-04 18:58:59.8005|INFO|SlackExport.Program|処理開始
2023-05-04 18:58:59.8225|WARN|SlackExport.Service.FileImportService|C:\\Users\\coral\\source\\repos\\SlackExport\\testのフォルダが存在しません
2023-05-04 18:58:59.8225|INFO|SlackExport.Program|処理終了
2023-05-04 19:04:02.6717|INFO|SlackExport.Program|処理開始
2023-05-04 19:04:02.6978|INFO|SlackExport.Service.FileImportService|スキップします。：
2023-05-04 19:04:02.6978|INFO|SlackExport.Service.FileImportService|スキップします。：
2023-05-04 19:04:02.6978|INFO|SlackExport.Service.FileImportService|スキップします。：
2023-05-04 19:04:09.6616|INFO|SlackExport.Program|処理終了
2023-05-04 19:28:41.4055|INFO|SlackExport.Program|処理開始
2023-05-04 19:28:41.4285|INFO|SlackExport.Service.FileImportService|スキップします。：
2023-05-04 19:28:41.4285|INFO|SlackExport.Service.FileImportService|スキップします。：
2023-05-04 19:28:41.4285|INFO|SlackExport.Service.FileImportService|スキップします。：
2023-05-04 19:28:41.6598|INFO|SlackExport.Common.DbAccess|登録済み：開発_2020/03/15 4:04:29.000200_UV4QSP7SM
2023-05-04 19:28:41.6598|INFO|SlackExport.Common.DbAccess|登録済み：開発_2020/03/15 13:02:50.002100_toriumi
2023-05-04 19:28:41.6755|INFO|SlackExport.Common.DbAccess|登録済み：開発_2020/03/18 12:10:53.003400_あべ
2023-05-04 19:28:41.6755|INFO|SlackExport.Common.DbAccess|登録済み：開発_2020/03/18 12:40:03.009500_toriumi
2023-05-04 19:28:41.6755|INFO|SlackExport.Common.DbAccess|登録済み：開発_2020/03/18 13:16:33.012200_あべ
2023-05-04 19:28:41.6755|INFO|SlackExport.Common.DbAccess|登録済み：開発_2020/03/18 23:25:45.000600_toriumi
2023-05-04 19:28:41.6755|INFO|SlackExport.Common.DbAccess|登録済み：開発_2020/03/19 12:17:31.005200_あべ
2023-05-04 19:28:41.6755|INFO|SlackExport.Common.DbAccess|登録済み：開発_2020/03/19 13:36:56.036800_あべ
2023-05-04 19:28:41.6755|INFO|SlackExport.Common.DbAccess|登録済み：開発_2020/03/19 13:51:36.042200_toriumi
2023-05-04 19:28:41.6755|INFO|SlackExport.Common.DbAccess|登録済み：開発_2020/03/20 1:20:46.003300_あべ
2023-05-04 19:28:41.6755|INFO|SlackExport.Common.DbAccess|登録済み：開発_2020/03/20 1:23:33.004900_toriumi
2023-05-04 19:28:41.6914|INFO|SlackExport.Common.DbAccess|登録済み：開発_2020/03/20 1:44:21.007600_toriumi
2023-05-04 19:28:41.6914|INFO|SlackExport.Common.DbAccess|登録済み：開発_2020/03/20 7:00:57.009000_あべ
2023-05-04 19:28:41.6914|INFO|SlackExport.Common.DbAccess|登録済み：開発_2020/03/20 7:58:59.012900_toriumi
2023-05-04 19:28:41.6914|INFO|SlackExport.Common.DbAccess|登録済み：開発_2020/03/25 13:23:31.003900_toriumi
2023-05-04 19:28:41.6914|INFO|SlackExport.Common.DbAccess|登録済み：開発_2020/03/29 8:33:10.001000_あべ
2023-05-04 19:28:41.6914|INFO|SlackExport.Common.DbAccess|登録済み：開発_2020/03/29 13:56:20.002200_toriumi
2023-05-04 19:28:41.6914|INFO|SlackExport.Common.DbAccess|登録済み：開発_2020/04/03 12:13:19.014000_toriumi
2023-05-04 19:28:41.6914|INFO|SlackExport.Common.DbAccess|登録済み：開発_2020/04/04 1:18:05.004900_あべ
2023-05-04 19:28:41.6914|INFO|SlackExport.Common.DbAccess|登録済み：開発_2020/04/04 4:37:15.013800_toriumi
2023-05-04 19:28:41.6914|INFO|SlackExport.Common.DbAccess|登録済み：開発_2020/04/04 4:47:49.014000_toriumi
2023-05-04 19:28:41.7066|INFO|SlackExport.Common.DbAccess|登録済み：開発_2020/04/04 4:49:52.014400_toriumi
2023-05-04 19:28:41.7066|INFO|SlackExport.Common.DbAccess|登録済み：開発_2020/04/04 4:52:46.014700_toriumi
2023-05-04 19:28:41.7066|INFO|SlackExport.Common.DbAccess|登録済み：開発_2020/04/04 5:08:04.017100_あべ
2023-05-04 19:28:41.7066|INFO|SlackExport.Common.DbAccess|登録済み：開発_2020/04/04 5:09:15.017600_toriumi
2023-05-04 19:28:41.7066|INFO|SlackExport.Common.DbAccess|登録済み：開発_2020/04/04 6:48:36.020900_toriumi
2023-05-04 19:28:41.7066|INFO|SlackExport.Common.DbAccess|登録済み：開発_2020/04/04 7:33:42.024300_あべ
2023-05-04 19:28:41.7066|INFO|SlackExport.Common.DbAccess|登録済み：開発_2020/04/04 8:26:43.032200_toriumi
2023-05-04 19:28:41.7066|INFO|SlackExport.Common.DbAccess|登録済み：開発_2020/04/07 12:35:34.003500_toriumi
2023-05-04 19:28:41.7066|INFO|SlackExport.Common.DbAccess|登録済み：開発_2020/04/09 11:40:55.000500_あべ
2023-05-04 19:28:41.7233|INFO|SlackExport.Common.DbAccess|登録済み：開発_2020/04/09 11:44:52.001500_あべ
2023-05-04 19:28:41.7233|INFO|SlackExport.Common.DbAccess|登録済み：開発_2020/04/09 13:40:30.004200_toriumi
2023-05-04 19:28:41.7233|INFO|SlackExport.Common.DbAccess|登録済み：開発_2020/04/09 13:53:20.007000_toriumi
2023-05-04 19:28:41.7233|INFO|SlackExport.Common.DbAccess|登録済み：開発_2020/04/15 11:31:43.006900_あべ
2023-05-04 19:28:41.7233|INFO|SlackExport.Common.DbAccess|登録済み：開発_2020/04/15 12:19:31.013400_toriumi
2023-05-04 19:28:41.7233|INFO|SlackExport.Common.DbAccess|登録済み：開発_2020/04/19 10:34:41.012200_toriumi
2023-05-04 19:28:41.7233|INFO|SlackExport.Common.DbAccess|登録済み：開発_2020/04/23 3:05:17.003900_あべ
2023-05-04 19:28:41.7379|INFO|SlackExport.Common.DbAccess|登録済み：開発_2020/04/23 3:11:43.009400_toriumi
2023-05-04 19:28:41.7379|INFO|SlackExport.Common.DbAccess|登録済み：開発_2020/04/23 3:24:12.010900_あべ
2023-05-04 19:28:41.7379|INFO|SlackExport.Common.DbAccess|登録済み：開発_2020/04/23 3:35:11.019800_toriumi
2023-05-04 19:28:41.7379|INFO|SlackExport.Common.DbAccess|登録済み：開発_2020/04/23 4:41:53.022000_あべ
2023-05-04 19:28:41.7379|INFO|SlackExport.Common.DbAccess|登録済み：開発_2020/04/23 4:58:52.027800_toriumi
2023-05-04 19:28:41.7379|INFO|SlackExport.Common.DbAccess|登録済み：開発_2020/04/23 7:47:27.032000_あべ
2023-05-04 19:28:41.7379|INFO|SlackExport.Common.DbAccess|登録済み：開発_2020/04/23 8:28:40.034300_toriumi
2023-05-04 19:28:41.7379|INFO|SlackExport.Common.DbAccess|登録済み：開発_2020/04/23 8:57:29.039400_あべ
2023-05-04 19:28:41.7379|INFO|SlackExport.Common.DbAccess|登録済み：開発_2020/04/23 9:14:36.047400_toriumi
2023-05-04 19:28:41.7536|INFO|SlackExport.Common.DbAccess|登録済み：開発_2020/04/29 0:38:17.001000_あべ
2023-05-04 19:28:41.7536|INFO|SlackExport.Common.DbAccess|登録済み：開発_2020/04/29 2:08:05.015700_toriumi
2023-05-04 19:28:41.7536|INFO|SlackExport.Common.DbAccess|登録済み：開発_2020/05/01 10:32:11.004800_あべ
2023-05-04 19:28:41.7536|INFO|SlackExport.Common.DbAccess|登録済み：開発_2020/05/01 11:08:02.016500_toriumi
2023-05-04 19:28:41.7536|INFO|SlackExport.Common.DbAccess|登録済み：開発_2020/05/01 11:33:14.021500_あべ
2023-05-04 19:28:41.7536|INFO|SlackExport.Common.DbAccess|登録済み：開発_2020/05/01 11:55:53.029600_toriumi
2023-05-04 19:28:41.7536|INFO|SlackExport.Common.DbAccess|登録済み：開発_2020/05/01 12:21:37.037100_あべ
2023-05-04 19:28:41.7536|INFO|SlackExport.Common.DbAccess|登録済み：開発_2020/05/01 12:51:58.053200_toriumi
2023-05-04 19:28:41.7536|INFO|SlackExport.Common.DbAccess|登録済み：開発_2020/05/01 23:35:17.000900_あべ
2023-05-04 19:28:41.7536|INFO|SlackExport.Common.DbAccess|登録済み：開発_2020/05/02 1:28:40.008700_toriumi
2023-05-04 19:28:41.7697|INFO|SlackExport.Common.DbAccess|登録済み：開発_2020/05/03 3:10:16.013400_toriumi
2023-05-04 19:28:41.7697|INFO|SlackExport.Common.DbAccess|登録済み：開発_2020/05/03 3:25:49.002200_toriumi
2023-05-04 19:28:41.7697|INFO|SlackExport.Common.DbAccess|登録済み：開発_2020/05/03 5:23:44.000200_あべ
2023-05-04 19:28:41.7697|INFO|SlackExport.Common.DbAccess|登録済み：開発_2020/05/03 7:06:24.035200_toriumi
2023-05-04 19:28:41.7697|INFO|SlackExport.Common.DbAccess|登録済み：開発_2020/05/04 6:18:01.000200_あべ
2023-05-04 19:28:41.7697|INFO|SlackExport.Common.DbAccess|登録済み：開発_2020/05/04 6:54:03.004400_toriumi
2023-05-04 19:28:41.7697|INFO|SlackExport.Common.DbAccess|登録済み：開発_2020/05/04 6:59:35.007200_toriumi
2023-05-04 19:28:41.7697|INFO|SlackExport.Common.DbAccess|登録済み：開発_2020/05/04 9:46:34.008100_あべ
2023-05-04 19:28:41.7697|INFO|SlackExport.Common.DbAccess|登録済み：開発_2020/05/04 10:00:27.008700_あべ
2023-05-04 19:28:41.7854|INFO|SlackExport.Common.DbAccess|登録済み：開発_2020/05/04 10:50:52.015200_toriumi
2023-05-04 19:28:41.7854|INFO|SlackExport.Common.DbAccess|登録済み：開発_2020/05/05 2:42:29.000200_あべ
2023-05-04 19:28:41.7854|INFO|SlackExport.Common.DbAccess|登録済み：開発_2020/05/05 4:05:44.025500_toriumi
2023-05-04 19:28:41.7854|INFO|SlackExport.Common.DbAccess|登録済み：開発_2020/05/05 7:20:12.030500_toriumi
2023-05-04 19:28:41.7854|INFO|SlackExport.Common.DbAccess|登録済み：開発_2020/05/10 5:32:40.000200_あべ
2023-05-04 19:28:41.7854|INFO|SlackExport.Common.DbAccess|登録済み：開発_2020/05/10 8:03:42.034400_toriumi
2023-05-04 19:28:41.7854|INFO|SlackExport.Common.DbAccess|登録済み：開発_2020/05/13 1:00:51.000200_あべ
2023-05-04 19:28:41.7854|INFO|SlackExport.Common.DbAccess|登録済み：開発_2020/05/13 4:32:06.018200_toriumi
2023-05-04 19:28:41.7854|INFO|SlackExport.Common.DbAccess|登録済み：開発_2020/05/13 6:07:21.018600_あべ
2023-05-04 19:28:41.7854|INFO|SlackExport.Common.DbAccess|登録済み：開発_2020/05/13 6:57:23.033200_toriumi
2023-05-04 19:28:41.8013|INFO|SlackExport.Common.DbAccess|登録済み：開発_2020/05/17 9:56:34.000200_あべ
2023-05-04 19:28:41.8013|INFO|SlackExport.Common.DbAccess|登録済み：開発_2020/05/18 5:43:49.015600_toriumi
2023-05-04 19:28:41.8013|INFO|SlackExport.Common.DbAccess|登録済み：開発_2020/05/19 4:30:14.006100_toriumi
2023-05-04 19:28:41.8013|INFO|SlackExport.Common.DbAccess|登録済み：開発_2020/05/20 6:50:11.000200_あべ
2023-05-04 19:28:41.8013|INFO|SlackExport.Common.DbAccess|登録済み：開発_2020/05/21 6:11:27.002000_toriumi
2023-05-04 19:28:41.8013|INFO|SlackExport.Common.DbAccess|登録済み：開発_2020/05/25 5:31:06.004300_toriumi
2023-05-04 19:28:41.8013|INFO|SlackExport.Common.DbAccess|登録済み：開発_2020/05/27 8:46:08.001800_あべ
2023-05-04 19:28:41.8013|INFO|SlackExport.Common.DbAccess|登録済み：開発_2020/05/29 13:36:04.034200_toriumi
2023-05-04 19:28:41.8013|INFO|SlackExport.Common.DbAccess|登録済み：開発_2020/05/30 9:09:08.000200_あべ
2023-05-04 19:28:41.8164|INFO|SlackExport.Common.DbAccess|登録済み：開発_2020/05/31 4:22:52.026500_toriumi
2023-05-04 19:28:41.8164|INFO|SlackExport.Common.DbAccess|登録済み：開発_2020/06/07 0:04:07.000200_あべ
2023-05-04 19:28:41.8164|INFO|SlackExport.Common.DbAccess|登録済み：開発_2020/06/07 7:50:14.056600_toriumi
2023-05-04 19:28:41.8164|INFO|SlackExport.Common.DbAccess|登録済み：開発_2020/06/12 11:54:57.001500_あべ
2023-05-04 19:28:41.8164|INFO|SlackExport.Common.DbAccess|登録済み：開発_2020/06/14 3:35:57.001000_あべ
2023-05-04 19:28:41.8164|INFO|SlackExport.Common.DbAccess|登録済み：開発_2020/06/14 4:34:54.035900_toriumi
2023-05-04 19:28:41.8164|INFO|SlackExport.Common.DbAccess|登録済み：開発_2020/06/14 6:50:11.038600_toriumi
2023-05-04 19:28:41.8164|INFO|SlackExport.Common.DbAccess|登録済み：開発_2020/06/14 6:59:13.040400_あべ
2023-05-04 19:28:41.8164|INFO|SlackExport.Common.DbAccess|登録済み：開発_2020/06/14 7:00:43.042100_あべ
2023-05-04 19:28:41.8321|INFO|SlackExport.Common.DbAccess|登録済み：開発_2020/06/14 7:04:20.043900_toriumi
2023-05-04 19:28:41.8321|INFO|SlackExport.Common.DbAccess|登録済み：開発_2020/06/14 7:35:05.045100_toriumi
2023-05-04 19:28:41.8321|INFO|SlackExport.Common.DbAccess|登録済み：開発_2020/06/16 5:12:02.015700_toriumi
2023-05-04 19:28:41.8321|INFO|SlackExport.Common.DbAccess|登録済み：開発_2020/06/18 5:36:41.002000_toriumi
2023-05-04 19:28:41.8321|INFO|SlackExport.Common.DbAccess|登録済み：開発_2020/06/20 11:49:14.038700_toriumi
2023-05-04 19:28:41.8321|INFO|SlackExport.Common.DbAccess|登録済み：開発_2020/06/21 3:20:12.000700_あべ
2023-05-04 19:28:41.8321|INFO|SlackExport.Common.DbAccess|登録済み：開発_2020/06/21 6:05:49.029300_あべ
2023-05-04 19:28:41.8321|INFO|SlackExport.Common.DbAccess|登録済み：開発_2020/06/21 7:37:06.051600_toriumi
2023-05-04 19:28:41.8321|INFO|SlackExport.Common.DbAccess|登録済み：開発_2020/06/21 8:29:38.053500_あべ
2023-05-04 19:28:41.8479|INFO|SlackExport.Common.DbAccess|登録済み：開発_2020/06/21 8:48:24.063300_toriumi
2023-05-04 19:28:41.8479|INFO|SlackExport.Common.DbAccess|登録済み：開発_2020/06/21 10:31:41.063500_あべ
2023-05-04 19:28:41.8479|INFO|SlackExport.Common.DbAccess|登録済み：開発_2020/06/21 11:55:58.095200_toriumi
2023-05-04 19:28:41.8479|INFO|SlackExport.Common.DbAccess|登録済み：開発_2020/06/23 5:12:54.027800_toriumi
2023-05-04 19:28:41.8479|INFO|SlackExport.Common.DbAccess|登録済み：開発_2020/06/26 10:33:27.018800_toriumi
2023-05-04 19:28:41.8479|INFO|SlackExport.Common.DbAccess|登録済み：開発_2020/06/26 11:04:52.019500_あべ
2023-05-04 19:28:41.8479|INFO|SlackExport.Common.DbAccess|登録済み：開発_2020/06/26 12:42:02.066500_toriumi
2023-05-04 19:28:41.8479|INFO|SlackExport.Common.DbAccess|登録済み：開発_2020/06/26 13:22:38.068400_あべ
2023-05-04 19:28:41.8479|INFO|SlackExport.Common.DbAccess|登録済み：開発_2020/06/26 13:47:03.081000_toriumi
2023-05-04 19:28:41.8479|INFO|SlackExport.Common.DbAccess|登録済み：開発_2020/06/28 12:54:33.000200_あべ
2023-05-04 19:28:41.8645|INFO|SlackExport.Common.DbAccess|登録済み：開発_2020/06/30 9:25:58.002200_あべ
2023-05-04 19:28:41.8645|INFO|SlackExport.Common.DbAccess|登録済み：開発_2020/06/30 12:00:02.017100_toriumi
2023-05-04 19:28:41.8645|INFO|SlackExport.Common.DbAccess|登録済み：開発_2020/07/01 11:19:41.001000_あべ
2023-05-04 19:28:41.8645|INFO|SlackExport.Common.DbAccess|登録済み：開発_2020/07/01 13:00:57.003200_toriumi
2023-05-04 19:28:41.8645|INFO|SlackExport.Common.DbAccess|登録済み：開発_2020/07/04 4:58:33.001700_あべ
2023-05-04 19:28:41.8645|INFO|SlackExport.Common.DbAccess|登録済み：開発_2020/07/04 5:15:33.005900_toriumi
2023-05-04 19:28:41.8645|INFO|SlackExport.Common.DbAccess|登録済み：開発_2020/07/07 12:59:12.020300_toriumi
2023-05-04 19:28:41.8645|INFO|SlackExport.Common.DbAccess|登録済み：開発_2020/07/09 10:28:27.000600_あべ
2023-05-04 19:28:41.8792|INFO|SlackExport.Common.DbAccess|登録済み：開発_2020/07/11 6:10:13.003500_toriumi
2023-05-04 19:28:41.8792|INFO|SlackExport.Common.DbAccess|登録済み：開発_2020/07/12 8:23:44.000200_あべ
2023-05-04 19:28:41.8792|INFO|SlackExport.Common.DbAccess|登録済み：開発_2020/07/12 12:48:54.000400_あべ
2023-05-04 19:28:41.8792|INFO|SlackExport.Common.DbAccess|登録済み：開発_2020/07/14 12:15:52.002800_toriumi
2023-05-04 19:28:41.8792|INFO|SlackExport.Common.DbAccess|登録済み：開発_2020/07/17 23:15:30.000400_あべ
2023-05-04 19:28:41.8792|INFO|SlackExport.Common.DbAccess|登録済み：開発_2020/07/18 0:11:46.013500_toriumi
2023-05-04 19:28:41.8792|INFO|SlackExport.Common.DbAccess|登録済み：開発_2020/07/19 1:47:36.000300_あべ
2023-05-04 19:28:41.8792|INFO|SlackExport.Common.DbAccess|登録済み：開発_2020/07/19 2:34:47.021500_toriumi
2023-05-04 19:28:41.8792|INFO|SlackExport.Common.DbAccess|登録済み：開発_2020/07/19 4:25:00.023400_toriumi
2023-05-04 19:28:41.8792|INFO|SlackExport.Common.DbAccess|登録済み：開発_2020/07/22 11:54:03.005300_toriumi
2023-05-04 19:28:41.8948|INFO|SlackExport.Common.DbAccess|登録済み：開発_2020/07/23 5:52:10.000700_あべ
2023-05-04 19:28:41.8948|INFO|SlackExport.Common.DbAccess|登録済み：開発_2020/07/23 6:22:36.006300_toriumi
2023-05-04 19:28:41.8948|INFO|SlackExport.Common.DbAccess|登録済み：開発_2020/07/23 7:06:29.007000_あべ
2023-05-04 19:28:41.8948|INFO|SlackExport.Common.DbAccess|登録済み：開発_2020/07/23 9:01:20.046600_toriumi
2023-05-04 19:28:41.8948|INFO|SlackExport.Common.DbAccess|登録済み：開発_2020/07/26 9:28:32.000200_あべ
2023-05-04 19:28:41.8948|INFO|SlackExport.Common.DbAccess|登録済み：開発_2020/07/31 12:42:27.031100_toriumi
2023-05-04 19:28:41.8948|INFO|SlackExport.Common.DbAccess|登録済み：開発_2020/08/02 2:52:24.032700_あべ
2023-05-04 19:28:41.8948|INFO|SlackExport.Common.DbAccess|登録済み：開発_2020/08/02 4:35:07.052300_toriumi
2023-05-04 19:28:41.8948|INFO|SlackExport.Common.DbAccess|登録済み：開発_2020/08/09 6:14:51.053600_あべ
2023-05-04 19:28:41.9121|INFO|SlackExport.Common.DbAccess|登録済み：開発_2020/08/11 11:25:06.152800_toriumi
2023-05-04 19:28:41.9121|INFO|SlackExport.Common.DbAccess|登録済み：開発_2020/08/16 3:19:02.000300_あべ
2023-05-04 19:28:41.9121|INFO|SlackExport.Common.DbAccess|登録済み：開発_2020/08/21 1:44:51.037200_toriumi
2023-05-04 19:28:41.9121|INFO|SlackExport.Common.DbAccess|登録済み：開発_2020/08/21 12:49:39.002400_toriumi
2023-05-04 19:28:41.9121|INFO|SlackExport.Common.DbAccess|登録済み：開発_2020/08/23 8:46:11.000200_あべ
2023-05-04 19:28:41.9121|INFO|SlackExport.Common.DbAccess|登録済み：開発_2020/08/26 11:37:47.000400_あべ
2023-05-04 19:28:41.9121|INFO|SlackExport.Common.DbAccess|登録済み：開発_2020/09/02 12:56:31.037900_toriumi
2023-05-04 19:28:41.9121|INFO|SlackExport.Common.DbAccess|登録済み：開発_2020/09/09 9:15:18.000200_あべ
2023-05-04 19:28:41.9257|INFO|SlackExport.Common.DbAccess|登録済み：開発_2020/09/12 3:13:57.000200_あべ
2023-05-04 19:28:41.9257|INFO|SlackExport.Common.DbAccess|登録済み：開発_2020/09/12 3:38:35.004300_toriumi
2023-05-04 19:28:41.9257|INFO|SlackExport.Common.DbAccess|登録済み：開発_2020/09/12 5:36:09.006400_toriumi
2023-05-04 19:28:41.9257|INFO|SlackExport.Common.DbAccess|登録済み：開発_2020/09/12 6:40:59.007500_toriumi
2023-05-04 19:28:41.9257|INFO|SlackExport.Common.DbAccess|登録済み：開発_2020/09/12 7:13:43.009200_あべ
2023-05-04 19:28:41.9257|INFO|SlackExport.Common.DbAccess|登録済み：開発_2020/09/12 8:14:45.010100_あべ
2023-05-04 19:28:41.9257|INFO|SlackExport.Common.DbAccess|登録済み：開発_2020/09/12 8:20:20.013600_toriumi
2023-05-04 19:28:41.9257|INFO|SlackExport.Common.DbAccess|登録済み：開発_2020/09/12 9:57:43.017900_toriumi
2023-05-04 19:28:41.9257|INFO|SlackExport.Common.DbAccess|登録済み：開発_2020/09/13 8:43:59.001800_あべ
2023-05-04 19:28:41.9257|INFO|SlackExport.Common.DbAccess|登録済み：開発_2020/09/13 9:03:33.007600_toriumi
2023-05-04 19:28:41.9418|INFO|SlackExport.Common.DbAccess|登録済み：開発_2020/09/17 8:53:04.007800_toriumi
2023-05-04 19:28:41.9418|INFO|SlackExport.Common.DbAccess|登録済み：開発_2020/09/20 23:43:32.000200_あべ
2023-05-04 19:28:41.9418|INFO|SlackExport.Common.DbAccess|登録済み：開発_2020/09/26 9:34:47.059600_toriumi
2023-05-04 19:28:41.9418|INFO|SlackExport.Common.DbAccess|登録済み：開発_2020/09/26 9:34:47.059700_toriumi
2023-05-04 19:28:41.9418|INFO|SlackExport.Common.DbAccess|登録済み：開発_2020/10/01 10:51:48.000700_あべ
2023-05-04 19:28:41.9418|INFO|SlackExport.Common.DbAccess|登録済み：開発_2020/10/01 11:07:39.005400_toriumi
2023-05-04 19:28:41.9418|INFO|SlackExport.Common.DbAccess|登録済み：開発_2020/10/01 12:18:05.006000_toriumi
2023-05-04 19:28:41.9418|INFO|SlackExport.Common.DbAccess|登録済み：開発_2020/10/01 12:32:48.007000_あべ
2023-05-04 19:28:41.9418|INFO|SlackExport.Common.DbAccess|登録済み：開発_2020/10/04 5:12:51.000300_あべ
2023-05-04 19:28:41.9570|INFO|SlackExport.Common.DbAccess|登録済み：開発_2020/10/13 4:56:01.003400_toriumi
2023-05-04 19:28:41.9570|INFO|SlackExport.Common.DbAccess|登録済み：開発_2020/10/18 0:09:18.000400_あべ
2023-05-04 19:28:41.9570|INFO|SlackExport.Common.DbAccess|登録済み：開発_2020/10/18 7:24:12.029100_toriumi
2023-05-04 19:28:41.9570|INFO|SlackExport.Common.DbAccess|登録済み：開発_2020/10/24 2:41:25.001200_あべ
2023-05-04 19:28:41.9570|INFO|SlackExport.Common.DbAccess|登録済み：開発_2020/10/24 2:55:03.005400_toriumi
2023-05-04 19:28:41.9570|INFO|SlackExport.Common.DbAccess|登録済み：開発_2020/10/24 6:06:03.005500_あべ
2023-05-04 19:28:41.9570|INFO|SlackExport.Common.DbAccess|登録済み：開発_2020/10/30 12:14:48.001900_あべ
2023-05-04 19:28:41.9570|INFO|SlackExport.Common.DbAccess|登録済み：開発_2020/10/30 13:10:30.016600_toriumi
2023-05-04 19:28:41.9570|INFO|SlackExport.Common.DbAccess|登録済み：開発_2020/11/07 0:04:29.001300_あべ
2023-05-04 19:28:41.9570|INFO|SlackExport.Common.DbAccess|登録済み：開発_2020/11/07 1:31:58.002300_toriumi
2023-05-04 19:28:41.9733|INFO|SlackExport.Common.DbAccess|登録済み：開発_2020/11/08 5:03:29.003100_あべ
2023-05-04 19:28:41.9733|INFO|SlackExport.Common.DbAccess|登録済み：開発_2020/11/08 6:40:08.006000_toriumi
2023-05-04 19:28:41.9733|INFO|SlackExport.Common.DbAccess|登録済み：開発_2020/11/08 9:18:57.009700_あべ
2023-05-04 19:28:41.9733|INFO|SlackExport.Common.DbAccess|登録済み：開発_2020/11/08 9:39:22.016400_toriumi
2023-05-04 19:28:41.9733|INFO|SlackExport.Common.DbAccess|登録済み：開発_2020/11/09 4:50:00.017700_toriumi
2023-05-04 19:28:41.9733|INFO|SlackExport.Common.DbAccess|登録済み：開発_2020/11/15 0:43:58.001900_あべ
2023-05-04 19:28:41.9733|INFO|SlackExport.Common.DbAccess|登録済み：開発_2020/11/15 1:34:42.004200_toriumi
2023-05-04 19:28:41.9733|INFO|SlackExport.Common.DbAccess|登録済み：開発_2020/11/22 10:10:39.000300_あべ
2023-05-04 19:28:41.9894|INFO|SlackExport.Common.DbAccess|登録済み：開発_2020/12/04 7:06:01.029500_toriumi
2023-05-04 19:28:41.9894|INFO|SlackExport.Common.DbAccess|登録済み：開発_2020/12/05 13:17:53.000400_あべ
2023-05-04 19:28:41.9894|INFO|SlackExport.Common.DbAccess|登録済み：開発_2020/12/06 9:03:51.003900_toriumi
2023-05-04 19:28:41.9894|INFO|SlackExport.Common.DbAccess|登録済み：開発_2020/12/12 9:07:53.000200_あべ
2023-05-04 19:28:41.9894|INFO|SlackExport.Common.DbAccess|登録済み：開発_2020/12/20 1:10:20.008700_あべ
2023-05-04 19:28:41.9894|INFO|SlackExport.Common.DbAccess|登録済み：開発_2020/12/20 1:30:55.016100_toriumi
2023-05-04 19:28:41.9894|INFO|SlackExport.Common.DbAccess|登録済み：開発_2020/12/20 1:46:11.026600_あべ
2023-05-04 19:28:41.9894|INFO|SlackExport.Common.DbAccess|登録済み：開発_2020/12/20 2:20:59.030100_toriumi
2023-05-04 19:28:41.9894|INFO|SlackExport.Common.DbAccess|登録済み：開発_2020/12/20 2:37:29.031100_あべ
2023-05-04 19:28:42.0040|INFO|SlackExport.Common.DbAccess|登録済み：開発_2020/12/20 2:41:01.032700_toriumi
2023-05-04 19:28:42.0040|INFO|SlackExport.Common.DbAccess|登録済み：開発_2020/12/20 4:56:42.033100_あべ
2023-05-04 19:28:42.0040|INFO|SlackExport.Common.DbAccess|登録済み：開発_2020/12/20 5:04:05.035200_toriumi
2023-05-04 19:28:42.0040|INFO|SlackExport.Common.DbAccess|登録済み：開発_2020/12/20 5:07:41.035500_あべ
2023-05-04 19:28:42.0040|INFO|SlackExport.Common.DbAccess|登録済み：開発_2020/12/20 5:26:41.044300_あべ
2023-05-04 19:28:42.0040|INFO|SlackExport.Common.DbAccess|登録済み：開発_2020/12/20 5:41:38.051500_toriumi
2023-05-04 19:28:42.0040|INFO|SlackExport.Common.DbAccess|登録済み：開発_2020/12/20 6:03:45.052200_あべ
2023-05-04 19:28:42.0040|INFO|SlackExport.Common.DbAccess|登録済み：開発_2020/12/20 10:01:41.067600_toriumi
2023-05-04 19:28:42.0040|INFO|SlackExport.Common.DbAccess|登録済み：開発_2020/12/23 6:35:08.009600_toriumi
2023-05-04 19:28:42.0040|INFO|SlackExport.Common.DbAccess|登録済み：開発_2020/12/27 7:54:06.000200_あべ
2023-05-04 19:28:42.0196|INFO|SlackExport.Common.DbAccess|登録済み：開発_2020/12/27 11:21:01.024900_toriumi
2023-05-04 19:28:42.0196|INFO|SlackExport.Common.DbAccess|登録済み：開発_2020/12/30 2:30:41.000700_あべ
2023-05-04 19:28:42.0196|INFO|SlackExport.Common.DbAccess|登録済み：開発_2020/12/31 7:43:51.024800_toriumi
2023-05-04 19:28:42.0196|INFO|SlackExport.Common.DbAccess|登録済み：開発_2021/01/09 7:54:24.000200_あべ
2023-05-04 19:28:42.0196|INFO|SlackExport.Common.DbAccess|登録済み：開発_2021/01/11 9:20:26.000200_あべ
2023-05-04 19:28:42.0196|INFO|SlackExport.Common.DbAccess|登録済み：開発_2021/01/17 13:46:56.018200_toriumi
2023-05-04 19:28:42.0196|INFO|SlackExport.Common.DbAccess|登録済み：開発_2021/01/27 11:57:10.003700_toriumi
2023-05-04 19:28:42.0196|INFO|SlackExport.Common.DbAccess|登録済み：開発_2021/02/04 11:07:57.000400_あべ
2023-05-04 19:28:42.0354|INFO|SlackExport.Common.DbAccess|登録済み：開発_2021/02/11 2:07:46.014800_toriumi
2023-05-04 19:28:42.0354|INFO|SlackExport.Common.DbAccess|登録済み：開発_2021/02/17 10:23:47.005000_あべ
2023-05-04 19:28:42.0354|INFO|SlackExport.Common.DbAccess|登録済み：開発_2021/02/17 12:26:35.034800_toriumi
2023-05-04 19:28:42.0354|INFO|SlackExport.Common.DbAccess|登録済み：開発_2021/03/20 7:32:55.003900_あべ
2023-05-04 19:28:42.0354|INFO|SlackExport.Common.DbAccess|登録済み：開発_2021/03/20 7:34:49.004600_toriumi
2023-05-04 19:28:42.0354|INFO|SlackExport.Common.DbAccess|登録済み：開発_2021/03/20 8:31:14.006400_あべ
2023-05-04 19:28:42.0354|INFO|SlackExport.Common.DbAccess|登録済み：開発_2021/04/01 9:53:25.003500_あべ
2023-05-04 19:28:42.0354|INFO|SlackExport.Common.DbAccess|登録済み：開発_2021/04/01 10:43:13.013200_toriumi
2023-05-04 19:28:42.0354|INFO|SlackExport.Common.DbAccess|登録済み：開発_2021/04/10 6:38:53.005100_あべ
2023-05-04 19:28:42.0354|INFO|SlackExport.Common.DbAccess|登録済み：開発_2021/04/10 7:22:31.006800_あべ
2023-05-04 19:28:42.0517|INFO|SlackExport.Common.DbAccess|登録済み：開発_2021/04/10 8:42:39.034400_toriumi
2023-05-04 19:28:42.0517|INFO|SlackExport.Common.DbAccess|登録済み：開発_2021/04/10 11:35:58.034900_あべ
2023-05-04 19:28:42.0517|INFO|SlackExport.Common.DbAccess|登録済み：開発_2021/04/11 8:11:09.041800_toriumi
2023-05-04 19:28:42.0517|INFO|SlackExport.Common.DbAccess|登録済み：開発_2021/04/21 9:13:17.000200_あべ
2023-05-04 19:28:42.0517|INFO|SlackExport.Common.DbAccess|登録済み：開発_2021/04/22 12:12:51.010900_toriumi
2023-05-04 19:28:42.0517|INFO|SlackExport.Common.DbAccess|登録済み：開発_2021/05/03 7:38:58.000200_あべ
2023-05-04 19:28:42.0517|INFO|SlackExport.Common.DbAccess|登録済み：開発_2021/05/12 10:53:15.005800_toriumi
2023-05-04 19:28:42.0517|INFO|SlackExport.Common.DbAccess|登録済み：開発_2021/05/17 1:22:35.000200_あべ
2023-05-04 19:28:42.0663|INFO|SlackExport.Common.DbAccess|登録済み：開発_2021/05/23 1:51:42.000200_あべ
2023-05-04 19:28:42.0663|INFO|SlackExport.Common.DbAccess|登録済み：開発_2021/05/23 8:26:56.011200_toriumi
2023-05-04 19:28:42.0663|INFO|SlackExport.Common.DbAccess|登録済み：開発_2021/05/29 7:54:53.053900_toriumi
2023-05-04 19:28:42.0663|INFO|SlackExport.Common.DbAccess|登録済み：開発_2021/06/06 6:56:31.008600_toriumi
2023-05-04 19:28:42.0663|INFO|SlackExport.Common.DbAccess|登録済み：開発_2021/06/06 8:22:57.009900_あべ
2023-05-04 19:28:42.0663|INFO|SlackExport.Common.DbAccess|登録済み：開発_2021/06/06 9:01:03.020200_toriumi
2023-05-04 19:28:42.0663|INFO|SlackExport.Common.DbAccess|登録済み：開発_2021/06/12 11:32:22.000200_あべ
2023-05-04 19:28:42.0663|INFO|SlackExport.Common.DbAccess|登録済み：開発_2021/06/13 1:23:28.000500_あべ
2023-05-04 19:28:42.0663|INFO|SlackExport.Common.DbAccess|登録済み：開発_2021/06/19 5:51:02.047200_toriumi
2023-05-04 19:28:42.0819|INFO|SlackExport.Common.DbAccess|登録済み：開発_2021/06/23 4:18:18.013100_toriumi
2023-05-04 19:28:42.0819|INFO|SlackExport.Common.DbAccess|登録済み：開発_2021/07/04 8:34:11.001400_あべ
2023-05-04 19:28:42.0819|INFO|SlackExport.Common.DbAccess|登録済み：開発_2021/07/07 12:30:28.009300_toriumi
2023-05-04 19:28:42.0819|INFO|SlackExport.Common.DbAccess|登録済み：開発_2021/07/11 9:07:30.000300_あべ
2023-05-04 19:28:42.0819|INFO|SlackExport.Common.DbAccess|登録済み：開発_2021/07/17 8:44:08.000200_あべ
2023-05-04 19:28:42.0819|INFO|SlackExport.Common.DbAccess|登録済み：開発_2021/07/18 6:07:07.047400_toriumi
2023-05-04 19:28:42.0819|INFO|SlackExport.Common.DbAccess|登録済み：開発_2021/07/24 2:28:02.000200_あべ
2023-05-04 19:28:42.0819|INFO|SlackExport.Common.DbAccess|登録済み：開発_2021/07/31 3:05:14.024500_toriumi
2023-05-04 19:28:42.0819|INFO|SlackExport.Common.DbAccess|登録済み：開発_2021/07/31 23:42:20.000500_あべ
2023-05-04 19:28:42.0981|INFO|SlackExport.Common.DbAccess|登録済み：開発_2021/08/04 13:29:51.034200_toriumi
2023-05-04 19:28:42.0981|INFO|SlackExport.Common.DbAccess|登録済み：開発_2021/08/08 23:57:27.001400_あべ
2023-05-04 19:28:42.0981|INFO|SlackExport.Common.DbAccess|登録済み：開発_2021/08/09 2:32:38.027700_toriumi
2023-05-04 19:28:42.0981|INFO|SlackExport.Common.DbAccess|登録済み：開発_2021/08/09 5:44:49.028300_あべ
2023-05-04 19:28:42.0981|INFO|SlackExport.Common.DbAccess|登録済み：開発_2021/08/09 6:39:59.044900_toriumi
2023-05-04 19:28:42.0981|INFO|SlackExport.Common.DbAccess|登録済み：開発_2021/08/09 11:17:04.000200_あべ
2023-05-04 19:28:42.0981|INFO|SlackExport.Common.DbAccess|登録済み：開発_2021/08/10 11:24:09.012600_toriumi
2023-05-04 19:28:42.0981|INFO|SlackExport.Common.DbAccess|登録済み：開発_2021/08/11 2:35:12.000200_あべ
2023-05-04 19:28:42.0981|INFO|SlackExport.Common.DbAccess|登録済み：開発_2021/08/12 3:01:49.000800_あべ
2023-05-04 19:28:42.0981|INFO|SlackExport.Common.DbAccess|登録済み：開発_2021/08/14 4:31:18.041600_toriumi
2023-05-04 19:28:42.1143|INFO|SlackExport.Common.DbAccess|登録済み：開発_2021/08/15 10:41:59.000800_あべ
2023-05-04 19:28:42.1143|INFO|SlackExport.Common.DbAccess|登録済み：開発_2021/08/16 13:30:07.004500_toriumi
2023-05-04 19:28:42.1143|INFO|SlackExport.Common.DbAccess|登録済み：開発_2021/08/21 15:04:26.000200_あべ
2023-05-04 19:28:42.1143|INFO|SlackExport.Common.DbAccess|登録済み：開発_2021/08/29 5:57:06.041300_toriumi
2023-05-04 19:28:42.1143|INFO|SlackExport.Common.DbAccess|登録済み：開発_2021/09/11 11:11:38.000700_あべ
2023-05-04 19:28:42.1143|INFO|SlackExport.Common.DbAccess|登録済み：開発_2021/09/19 9:18:13.001000_あべ
2023-05-04 19:28:42.1143|INFO|SlackExport.Common.DbAccess|登録済み：開発_2021/09/19 11:00:27.004300_toriumi
2023-05-04 19:28:42.1143|INFO|SlackExport.Common.DbAccess|登録済み：開発_2021/10/02 6:27:09.047400_toriumi
2023-05-04 19:28:42.1143|INFO|SlackExport.Common.DbAccess|登録済み：開発_2021/10/20 12:27:34.028700_toriumi
2023-05-04 19:28:42.1305|INFO|SlackExport.Common.DbAccess|登録済み：開発_2021/11/23 8:14:43.000900_あべ
2023-05-04 19:28:42.1305|INFO|SlackExport.Common.DbAccess|登録済み：開発_2021/11/23 8:41:36.004300_toriumi
2023-05-04 19:28:42.1305|INFO|SlackExport.Common.DbAccess|登録済み：開発_2021/11/23 9:55:36.007200_あべ
2023-05-04 19:28:42.1305|INFO|SlackExport.Common.DbAccess|登録済み：開発_2021/11/28 8:25:46.002600_あべ
2023-05-04 19:28:42.1305|INFO|SlackExport.Common.DbAccess|登録済み：開発_2021/11/28 9:59:31.003400_toriumi
2023-05-04 19:28:42.1305|INFO|SlackExport.Common.DbAccess|登録済み：開発_2021/12/19 0:32:08.000200_あべ
2023-05-04 19:28:42.1305|INFO|SlackExport.Common.DbAccess|登録済み：開発_2021/12/19 6:51:47.023700_toriumi
2023-05-04 19:28:42.1305|INFO|SlackExport.Common.DbAccess|登録済み：開発_2021/12/19 13:50:38.024000_あべ
2023-05-04 19:28:42.1305|INFO|SlackExport.Common.DbAccess|登録済み：開発_2021/12/26 14:15:58.001700_あべ
2023-05-04 19:28:42.1305|INFO|SlackExport.Common.DbAccess|登録済み：開発_2022/02/10 12:19:45.843659_あべ
2023-05-04 19:28:42.1457|INFO|SlackExport.Common.DbAccess|登録済み：開発_2022/02/10 13:01:13.449859_toriumi
2023-05-04 19:28:42.1457|INFO|SlackExport.Common.DbAccess|登録済み：開発_2022/04/02 7:44:12.151959_あべ
2023-05-04 19:28:42.1457|INFO|SlackExport.Common.DbAccess|登録済み：開発_2022/04/02 8:32:54.433629_toriumi
2023-05-04 19:28:42.1457|INFO|SlackExport.Common.DbAccess|登録済み：開発_2022/04/10 9:23:51.808599_あべ
2023-05-04 19:28:42.1457|INFO|SlackExport.Common.DbAccess|登録済み：開発_2022/04/11 4:16:32.969769_toriumi
2023-05-04 19:28:42.1457|INFO|SlackExport.Common.DbAccess|登録済み：開発_2022/04/29 2:54:56.937359_あべ
2023-05-04 19:28:42.1457|INFO|SlackExport.Common.DbAccess|登録済み：開発_2022/05/01 12:06:40.464829_toriumi
2023-05-04 19:28:42.1457|INFO|SlackExport.Common.DbAccess|登録済み：開発_2022/05/07 5:41:34.009199_あべ
2023-05-04 19:28:42.1457|INFO|SlackExport.Common.DbAccess|登録済み：開発_2022/05/14 3:57:57.981459_toriumi
2023-05-04 19:28:42.1457|INFO|SlackExport.Common.DbAccess|登録済み：開発_2022/05/21 7:20:12.000149_あべ
2023-05-04 19:28:42.1631|INFO|SlackExport.Common.DbAccess|登録済み：開発_2022/05/28 2:39:24.851959_toriumi
2023-05-04 19:28:42.1631|INFO|SlackExport.Common.DbAccess|登録済み：開発_2022/06/04 5:31:08.180699_あべ
2023-05-04 19:28:42.1631|INFO|SlackExport.Common.DbAccess|登録済み：開発_2022/06/11 11:33:09.293689_toriumi
2023-05-04 19:28:42.1631|INFO|SlackExport.Common.DbAccess|登録済み：開発_2022/06/12 4:59:44.562409_あべ
2023-05-04 19:28:42.1631|INFO|SlackExport.Common.DbAccess|登録済み：開発_2022/06/12 9:55:29.971279_toriumi
2023-05-04 19:28:42.1631|INFO|SlackExport.Common.DbAccess|登録済み：開発_2022/06/13 4:39:13.777069_あべ
2023-05-04 19:28:42.1631|INFO|SlackExport.Common.DbAccess|登録済み：開発_2022/07/03 7:56:16.158669_あべ
2023-05-04 19:28:42.1631|INFO|SlackExport.Common.DbAccess|登録済み：開発_2022/07/16 6:47:53.871139_toriumi
2023-05-04 19:28:42.1755|INFO|SlackExport.Common.DbAccess|登録済み：開発_2022/07/17 7:40:58.495389_toriumi
2023-05-04 19:28:42.1755|INFO|SlackExport.Common.DbAccess|登録済み：開発_2022/07/19 5:08:56.023379_toriumi
2023-05-04 19:28:42.1755|INFO|SlackExport.Common.DbAccess|登録済み：開発_2022/07/30 11:29:11.363619_あべ
2023-05-04 19:28:42.1755|INFO|SlackExport.Common.DbAccess|登録済み：開発_2022/07/30 12:37:37.170549_あべ
2023-05-04 19:28:42.1755|INFO|SlackExport.Common.DbAccess|登録済み：開発_2022/07/31 12:13:57.370839_toriumi
2023-05-04 19:28:42.1755|INFO|SlackExport.Common.DbAccess|登録済み：開発_2022/08/06 8:43:03.652329_あべ
2023-05-04 19:28:42.1755|INFO|SlackExport.Common.DbAccess|登録済み：開発_2022/08/07 9:51:14.387399_toriumi
2023-05-04 19:28:42.1755|INFO|SlackExport.Common.DbAccess|登録済み：開発_2022/08/20 7:52:13.391959_あべ
2023-05-04 19:28:42.1755|INFO|SlackExport.Common.DbAccess|登録済み：開発_2022/08/20 11:47:16.050169_toriumi
2023-05-04 19:28:42.1911|INFO|SlackExport.Common.DbAccess|登録済み：開発_2022/08/21 7:25:21.831419_あべ
2023-05-04 19:28:42.1911|INFO|SlackExport.Common.DbAccess|登録済み：開発_2022/08/28 8:33:56.643149_toriumi
2023-05-04 19:28:42.1911|INFO|SlackExport.Common.DbAccess|登録済み：開発_2022/08/28 8:53:39.362629_toriumi
2023-05-04 19:28:42.1911|INFO|SlackExport.Common.DbAccess|登録済み：開発_2022/09/02 12:19:08.567559_あべ
2023-05-04 19:28:42.1911|INFO|SlackExport.Common.DbAccess|登録済み：開発_2022/09/10 10:37:18.749039_あべ
2023-05-04 19:28:42.1911|INFO|SlackExport.Common.DbAccess|登録済み：開発_2022/09/23 8:19:18.064059_あべ
2023-05-04 19:28:42.1911|INFO|SlackExport.Common.DbAccess|登録済み：開発_2022/10/23 12:05:20.933029_toriumi
2023-05-04 19:28:42.1911|INFO|SlackExport.Common.DbAccess|登録済み：開発_2022/11/12 8:14:21.069219_あべ
2023-05-04 19:28:42.1911|INFO|SlackExport.Common.DbAccess|登録済み：開発_2022/11/26 14:28:08.391379_あべ
2023-05-04 19:28:42.2073|INFO|SlackExport.Common.DbAccess|登録済み：開発_2022/12/10 9:36:13.088329_toriumi
2023-05-04 19:28:42.2073|INFO|SlackExport.Common.DbAccess|登録済み：開発_2023/01/08 5:07:19.880809_あべ
2023-05-04 19:28:42.2073|INFO|SlackExport.Common.DbAccess|登録済み：開発_2023/01/08 9:30:13.119999_toriumi
2023-05-04 19:28:42.2073|INFO|SlackExport.Common.DbAccess|登録済み：開発_2023/01/29 0:11:24.001149_あべ
2023-05-04 19:28:42.2073|INFO|SlackExport.Common.DbAccess|登録済み：開発_2023/01/29 4:25:35.447869_toriumi
2023-05-04 19:28:42.2073|INFO|SlackExport.Common.DbAccess|登録済み：開発_2023/01/29 5:33:31.581919_あべ
2023-05-04 19:28:42.2073|INFO|SlackExport.Common.DbAccess|登録済み：開発_2023/02/18 5:06:56.579009_toriumi
2023-05-04 19:28:42.2073|INFO|SlackExport.Program|処理終了
2023-05-04 19:31:06.3498|INFO|SlackExport.Program|処理開始
2023-05-04 19:31:06.3720|INFO|SlackExport.Service.FileImportService|スキップします。：
2023-05-04 19:31:06.3720|INFO|SlackExport.Service.FileImportService|スキップします。：
2023-05-04 19:31:06.3720|INFO|SlackExport.Service.FileImportService|スキップします。：
2023-05-04 19:31:10.0080|INFO|SlackExport.Common.DbAccess|登録済み：開発_2020/09/26 9:34:47_toriumi
2023-05-04 19:31:13.0607|INFO|SlackExport.Program|処理終了
2023-05-04 19:41:44.5736|INFO|SlackExport.Program|処理開始
2023-05-04 19:41:44.5969|INFO|SlackExport.Service.FileImportService|スキップします。：
2023-05-04 19:41:44.5969|INFO|SlackExport.Service.FileImportService|スキップします。：
2023-05-04 19:41:44.5969|INFO|SlackExport.Service.FileImportService|スキップします。：
2023-05-04 19:41:44.6726|ERROR|SlackExport.Service.FileImportService|C:\_develop\test\開発\2020-03-14.json読み込みで例外エラー。 エラー内容：インデックスが配列の境界外です。 スタックトレース：   場所 SlackExport.Service.FileImportService.DevelopRegst(FileDto fileDto) 場所 C:\_develop\SlackExport\SlackExport\Service\FileImportService.cs:行 127
2023-05-04 19:41:44.6726|ERROR|SlackExport.Service.FileImportService|C:\_develop\test\開発\2020-03-15.json読み込みで例外エラー。 エラー内容：インデックスが配列の境界外です。 スタックトレース：   場所 SlackExport.Service.FileImportService.DevelopRegst(FileDto fileDto) 場所 C:\_develop\SlackExport\SlackExport\Service\FileImportService.cs:行 127
2023-05-04 19:41:44.6756|ERROR|SlackExport.Service.FileImportService|C:\_develop\test\開発\2020-03-18.json読み込みで例外エラー。 エラー内容：インデックスが配列の境界外です。 スタックトレース：   場所 SlackExport.Service.FileImportService.DevelopRegst(FileDto fileDto) 場所 C:\_develop\SlackExport\SlackExport\Service\FileImportService.cs:行 127
2023-05-04 19:41:44.6756|ERROR|SlackExport.Service.FileImportService|C:\_develop\test\開発\2020-03-19.json読み込みで例外エラー。 エラー内容：インデックスが配列の境界外です。 スタックトレース：   場所 SlackExport.Service.FileImportService.DevelopRegst(FileDto fileDto) 場所 C:\_develop\SlackExport\SlackExport\Service\FileImportService.cs:行 127
2023-05-04 19:41:44.6756|ERROR|SlackExport.Service.FileImportService|C:\_develop\test\開発\2020-03-20.json読み込みで例外エラー。 エラー内容：インデックスが配列の境界外です。 スタックトレース：   場所 SlackExport.Service.FileImportService.DevelopRegst(FileDto fileDto) 場所 C:\_develop\SlackExport\SlackExport\Service\FileImportService.cs:行 127
2023-05-04 19:41:44.6756|ERROR|SlackExport.Service.FileImportService|C:\_develop\test\開発\2020-03-25.json読み込みで例外エラー。 エラー内容：インデックスが配列の境界外です。 スタックトレース：   場所 SlackExport.Service.FileImportService.DevelopRegst(FileDto fileDto) 場所 C:\_develop\SlackExport\SlackExport\Service\FileImportService.cs:行 127
2023-05-04 19:41:44.6756|ERROR|SlackExport.Service.FileImportService|C:\_develop\test\開発\2020-03-29.json読み込みで例外エラー。 エラー内容：インデックスが配列の境界外です。 スタックトレース：   場所 SlackExport.Service.FileImportService.DevelopRegst(FileDto fileDto) 場所 C:\_develop\SlackExport\SlackExport\Service\FileImportService.cs:行 127
2023-05-04 19:41:44.6756|ERROR|SlackExport.Service.FileImportService|C:\_develop\test\開発\2020-04-03.json読み込みで例外エラー。 エラー内容：インデックスが配列の境界外です。 スタックトレース：   場所 SlackExport.Service.FileImportService.DevelopRegst(FileDto fileDto) 場所 C:\_develop\SlackExport\SlackExport\Service\FileImportService.cs:行 127
2023-05-04 19:41:44.6756|ERROR|SlackExport.Service.FileImportService|C:\_develop\test\開発\2020-04-04.json読み込みで例外エラー。 エラー内容：インデックスが配列の境界外です。 スタックトレース：   場所 SlackExport.Service.FileImportService.DevelopRegst(FileDto fileDto) 場所 C:\_develop\SlackExport\SlackExport\Service\FileImportService.cs:行 127
2023-05-04 19:41:44.6756|ERROR|SlackExport.Service.FileImportService|C:\_develop\test\開発\2020-04-07.json読み込みで例外エラー。 エラー内容：インデックスが配列の境界外です。 スタックトレース：   場所 SlackExport.Service.FileImportService.DevelopRegst(FileDto fileDto) 場所 C:\_develop\SlackExport\SlackExport\Service\FileImportService.cs:行 127
2023-05-04 19:41:44.6756|ERROR|SlackExport.Service.FileImportService|C:\_develop\test\開発\2020-04-09.json読み込みで例外エラー。 エラー内容：インデックスが配列の境界外です。 スタックトレース：   場所 SlackExport.Service.FileImportService.DevelopRegst(FileDto fileDto) 場所 C:\_develop\SlackExport\SlackExport\Service\FileImportService.cs:行 127
2023-05-04 19:41:44.6756|ERROR|SlackExport.Service.FileImportService|C:\_develop\test\開発\2020-04-15.json読み込みで例外エラー。 エラー内容：インデックスが配列の境界外です。 スタックトレース：   場所 SlackExport.Service.FileImportService.DevelopRegst(FileDto fileDto) 場所 C:\_develop\SlackExport\SlackExport\Service\FileImportService.cs:行 127
2023-05-04 19:41:44.6756|ERROR|SlackExport.Service.FileImportService|C:\_develop\test\開発\2020-04-19.json読み込みで例外エラー。 エラー内容：インデックスが配列の境界外です。 スタックトレース：   場所 SlackExport.Service.FileImportService.DevelopRegst(FileDto fileDto) 場所 C:\_develop\SlackExport\SlackExport\Service\FileImportService.cs:行 127
2023-05-04 19:41:44.6756|ERROR|SlackExport.Service.FileImportService|C:\_develop\test\開発\2020-04-22.json読み込みで例外エラー。 エラー内容：インデックスが配列の境界外です。 スタックトレース：   場所 SlackExport.Service.FileImportService.DevelopRegst(FileDto fileDto) 場所 C:\_develop\SlackExport\SlackExport\Service\FileImportService.cs:行 127
2023-05-04 19:41:44.6756|ERROR|SlackExport.Service.FileImportService|C:\_develop\test\開発\2020-04-23.json読み込みで例外エラー。 エラー内容：インデックスが配列の境界外です。 スタックトレース：   場所 SlackExport.Service.FileImportService.DevelopRegst(FileDto fileDto) 場所 C:\_develop\SlackExport\SlackExport\Service\FileImportService.cs:行 127
2023-05-04 19:41:44.6756|ERROR|SlackExport.Service.FileImportService|C:\_develop\test\開発\2020-04-28.json読み込みで例外エラー。 エラー内容：インデックスが配列の境界外です。 スタックトレース：   場所 SlackExport.Service.FileImportService.DevelopRegst(FileDto fileDto) 場所 C:\_develop\SlackExport\SlackExport\Service\FileImportService.cs:行 127
2023-05-04 19:41:44.6756|ERROR|SlackExport.Service.FileImportService|C:\_develop\test\開発\2020-05-01.json読み込みで例外エラー。 エラー内容：インデックスが配列の境界外です。 スタックトレース：   場所 SlackExport.Service.FileImportService.DevelopRegst(FileDto fileDto) 場所 C:\_develop\SlackExport\SlackExport\Service\FileImportService.cs:行 127
2023-05-04 19:41:44.6756|ERROR|SlackExport.Service.FileImportService|C:\_develop\test\開発\2020-05-02.json読み込みで例外エラー。 エラー内容：インデックスが配列の境界外です。 スタックトレース：   場所 SlackExport.Service.FileImportService.DevelopRegst(FileDto fileDto) 場所 C:\_develop\SlackExport\SlackExport\Service\FileImportService.cs:行 127
2023-05-04 19:41:44.6756|ERROR|SlackExport.Service.FileImportService|C:\_develop\test\開発\2020-05-03.json読み込みで例外エラー。 エラー内容：インデックスが配列の境界外です。 スタックトレース：   場所 SlackExport.Service.FileImportService.DevelopRegst(FileDto fileDto) 場所 C:\_develop\SlackExport\SlackExport\Service\FileImportService.cs:行 127
2023-05-04 19:41:44.6756|ERROR|SlackExport.Service.FileImportService|C:\_develop\test\開発\2020-05-04.json読み込みで例外エラー。 エラー内容：インデックスが配列の境界外です。 スタックトレース：   場所 SlackExport.Service.FileImportService.DevelopRegst(FileDto fileDto) 場所 C:\_develop\SlackExport\SlackExport\Service\FileImportService.cs:行 127
2023-05-04 19:41:44.6756|ERROR|SlackExport.Service.FileImportService|C:\_develop\test\開発\2020-05-05.json読み込みで例外エラー。 エラー内容：インデックスが配列の境界外です。 スタックトレース：   場所 SlackExport.Service.FileImportService.DevelopRegst(FileDto fileDto) 場所 C:\_develop\SlackExport\SlackExport\Service\FileImportService.cs:行 127
2023-05-04 19:41:44.6756|ERROR|SlackExport.Service.FileImportService|C:\_develop\test\開発\2020-05-09.json読み込みで例外エラー。 エラー内容：インデックスが配列の境界外です。 スタックトレース：   場所 SlackExport.Service.FileImportService.DevelopRegst(FileDto fileDto) 場所 C:\_develop\SlackExport\SlackExport\Service\FileImportService.cs:行 127
2023-05-04 19:41:44.6756|ERROR|SlackExport.Service.FileImportService|C:\_develop\test\開発\2020-05-10.json読み込みで例外エラー。 エラー内容：インデックスが配列の境界外です。 スタックトレース：   場所 SlackExport.Service.FileImportService.DevelopRegst(FileDto fileDto) 場所 C:\_develop\SlackExport\SlackExport\Service\FileImportService.cs:行 127
2023-05-04 19:41:44.6756|ERROR|SlackExport.Service.FileImportService|C:\_develop\test\開発\2020-05-12.json読み込みで例外エラー。 エラー内容：インデックスが配列の境界外です。 スタックトレース：   場所 SlackExport.Service.FileImportService.DevelopRegst(FileDto fileDto) 場所 C:\_develop\SlackExport\SlackExport\Service\FileImportService.cs:行 127
2023-05-04 19:41:44.6756|ERROR|SlackExport.Service.FileImportService|C:\_develop\test\開発\2020-05-17.json読み込みで例外エラー。 エラー内容：インデックスが配列の境界外です。 スタックトレース：   場所 SlackExport.Service.FileImportService.DevelopRegst(FileDto fileDto) 場所 C:\_develop\SlackExport\SlackExport\Service\FileImportService.cs:行 127
2023-05-04 19:41:44.6756|ERROR|SlackExport.Service.FileImportService|C:\_develop\test\開発\2020-05-18.json読み込みで例外エラー。 エラー内容：インデックスが配列の境界外です。 スタックトレース：   場所 SlackExport.Service.FileImportService.DevelopRegst(FileDto fileDto) 場所 C:\_develop\SlackExport\SlackExport\Service\FileImportService.cs:行 127
2023-05-04 19:41:44.6756|ERROR|SlackExport.Service.FileImportService|C:\_develop\test\開発\2020-05-19.json読み込みで例外エラー。 エラー内容：インデックスが配列の境界外です。 スタックトレース：   場所 SlackExport.Service.FileImportService.DevelopRegst(FileDto fileDto) 場所 C:\_develop\SlackExport\SlackExport\Service\FileImportService.cs:行 127
2023-05-04 19:41:44.6756|ERROR|SlackExport.Service.FileImportService|C:\_develop\test\開発\2020-05-20.json読み込みで例外エラー。 エラー内容：インデックスが配列の境界外です。 スタックトレース：   場所 SlackExport.Service.FileImportService.DevelopRegst(FileDto fileDto) 場所 C:\_develop\SlackExport\SlackExport\Service\FileImportService.cs:行 127
2023-05-04 19:41:44.6756|ERROR|SlackExport.Service.FileImportService|C:\_develop\test\開発\2020-05-24.json読み込みで例外エラー。 エラー内容：インデックスが配列の境界外です。 スタックトレース：   場所 SlackExport.Service.FileImportService.DevelopRegst(FileDto fileDto) 場所 C:\_develop\SlackExport\SlackExport\Service\FileImportService.cs:行 127
2023-05-04 19:41:44.6756|ERROR|SlackExport.Service.FileImportService|C:\_develop\test\開発\2020-05-27.json読み込みで例外エラー。 エラー内容：インデックスが配列の境界外です。 スタックトレース：   場所 SlackExport.Service.FileImportService.DevelopRegst(FileDto fileDto) 場所 C:\_develop\SlackExport\SlackExport\Service\FileImportService.cs:行 127
2023-05-04 19:41:44.6756|ERROR|SlackExport.Service.FileImportService|C:\_develop\test\開発\2020-05-29.json読み込みで例外エラー。 エラー内容：インデックスが配列の境界外です。 スタックトレース：   場所 SlackExport.Service.FileImportService.DevelopRegst(FileDto fileDto) 場所 C:\_develop\SlackExport\SlackExport\Service\FileImportService.cs:行 127
2023-05-04 19:41:44.6756|ERROR|SlackExport.Service.FileImportService|C:\_develop\test\開発\2020-05-30.json読み込みで例外エラー。 エラー内容：インデックスが配列の境界外です。 スタックトレース：   場所 SlackExport.Service.FileImportService.DevelopRegst(FileDto fileDto) 場所 C:\_develop\SlackExport\SlackExport\Service\FileImportService.cs:行 127
2023-05-04 19:41:44.6756|ERROR|SlackExport.Service.FileImportService|C:\_develop\test\開発\2020-06-06.json読み込みで例外エラー。 エラー内容：インデックスが配列の境界外です。 スタックトレース：   場所 SlackExport.Service.FileImportService.DevelopRegst(FileDto fileDto) 場所 C:\_develop\SlackExport\SlackExport\Service\FileImportService.cs:行 127
2023-05-04 19:41:44.6756|ERROR|SlackExport.Service.FileImportService|C:\_develop\test\開発\2020-06-07.json読み込みで例外エラー。 エラー内容：インデックスが配列の境界外です。 スタックトレース：   場所 SlackExport.Service.FileImportService.DevelopRegst(FileDto fileDto) 場所 C:\_develop\SlackExport\SlackExport\Service\FileImportService.cs:行 127
2023-05-04 19:41:44.6756|ERROR|SlackExport.Service.FileImportService|C:\_develop\test\開発\2020-06-12.json読み込みで例外エラー。 エラー内容：インデックスが配列の境界外です。 スタックトレース：   場所 SlackExport.Service.FileImportService.DevelopRegst(FileDto fileDto) 場所 C:\_develop\SlackExport\SlackExport\Service\FileImportService.cs:行 127
2023-05-04 19:41:44.6919|ERROR|SlackExport.Service.FileImportService|C:\_develop\test\開発\2020-06-13.json読み込みで例外エラー。 エラー内容：インデックスが配列の境界外です。 スタックトレース：   場所 SlackExport.Service.FileImportService.DevelopRegst(FileDto fileDto) 場所 C:\_develop\SlackExport\SlackExport\Service\FileImportService.cs:行 127
2023-05-04 19:41:44.6919|ERROR|SlackExport.Service.FileImportService|C:\_develop\test\開発\2020-06-14.json読み込みで例外エラー。 エラー内容：インデックスが配列の境界外です。 スタックトレース：   場所 SlackExport.Service.FileImportService.DevelopRegst(FileDto fileDto) 場所 C:\_develop\SlackExport\SlackExport\Service\FileImportService.cs:行 127
2023-05-04 19:41:44.6919|ERROR|SlackExport.Service.FileImportService|C:\_develop\test\開発\2020-06-15.json読み込みで例外エラー。 エラー内容：インデックスが配列の境界外です。 スタックトレース：   場所 SlackExport.Service.FileImportService.DevelopRegst(FileDto fileDto) 場所 C:\_develop\SlackExport\SlackExport\Service\FileImportService.cs:行 127
2023-05-04 19:41:44.6919|ERROR|SlackExport.Service.FileImportService|C:\_develop\test\開発\2020-06-17.json読み込みで例外エラー。 エラー内容：インデックスが配列の境界外です。 スタックトレース：   場所 SlackExport.Service.FileImportService.DevelopRegst(FileDto fileDto) 場所 C:\_develop\SlackExport\SlackExport\Service\FileImportService.cs:行 127
2023-05-04 19:41:44.6919|ERROR|SlackExport.Service.FileImportService|C:\_develop\test\開発\2020-06-20.json読み込みで例外エラー。 エラー内容：インデックスが配列の境界外です。 スタックトレース：   場所 SlackExport.Service.FileImportService.DevelopRegst(FileDto fileDto) 場所 C:\_develop\SlackExport\SlackExport\Service\FileImportService.cs:行 127
2023-05-04 19:41:44.6919|ERROR|SlackExport.Service.FileImportService|C:\_develop\test\開発\2020-06-21.json読み込みで例外エラー。 エラー内容：インデックスが配列の境界外です。 スタックトレース：   場所 SlackExport.Service.FileImportService.DevelopRegst(FileDto fileDto) 場所 C:\_develop\SlackExport\SlackExport\Service\FileImportService.cs:行 127
2023-05-04 19:41:44.6919|ERROR|SlackExport.Service.FileImportService|C:\_develop\test\開発\2020-06-22.json読み込みで例外エラー。 エラー内容：インデックスが配列の境界外です。 スタックトレース：   場所 SlackExport.Service.FileImportService.DevelopRegst(FileDto fileDto) 場所 C:\_develop\SlackExport\SlackExport\Service\FileImportService.cs:行 127
2023-05-04 19:41:44.6919|ERROR|SlackExport.Service.FileImportService|C:\_develop\test\開発\2020-06-26.json読み込みで例外エラー。 エラー内容：インデックスが配列の境界外です。 スタックトレース：   場所 SlackExport.Service.FileImportService.DevelopRegst(FileDto fileDto) 場所 C:\_develop\SlackExport\SlackExport\Service\FileImportService.cs:行 127
2023-05-04 19:41:44.6919|ERROR|SlackExport.Service.FileImportService|C:\_develop\test\開発\2020-06-28.json読み込みで例外エラー。 エラー内容：インデックスが配列の境界外です。 スタックトレース：   場所 SlackExport.Service.FileImportService.DevelopRegst(FileDto fileDto) 場所 C:\_develop\SlackExport\SlackExport\Service\FileImportService.cs:行 127
2023-05-04 19:41:44.6919|ERROR|SlackExport.Service.FileImportService|C:\_develop\test\開発\2020-06-30.json読み込みで例外エラー。 エラー内容：インデックスが配列の境界外です。 スタックトレース：   場所 SlackExport.Service.FileImportService.DevelopRegst(FileDto fileDto) 場所 C:\_develop\SlackExport\SlackExport\Service\FileImportService.cs:行 127
2023-05-04 19:41:44.6919|ERROR|SlackExport.Service.FileImportService|C:\_develop\test\開発\2020-07-01.json読み込みで例外エラー。 エラー内容：インデックスが配列の境界外です。 スタックトレース：   場所 SlackExport.Service.FileImportService.DevelopRegst(FileDto fileDto) 場所 C:\_develop\SlackExport\SlackExport\Service\FileImportService.cs:行 127
2023-05-04 19:41:44.6919|ERROR|SlackExport.Service.FileImportService|C:\_develop\test\開発\2020-07-03.json読み込みで例外エラー。 エラー内容：インデックスが配列の境界外です。 スタックトレース：   場所 SlackExport.Service.FileImportService.DevelopRegst(FileDto fileDto) 場所 C:\_develop\SlackExport\SlackExport\Service\FileImportService.cs:行 127
2023-05-04 19:41:44.6919|ERROR|SlackExport.Service.FileImportService|C:\_develop\test\開発\2020-07-07.json読み込みで例外エラー。 エラー内容：インデックスが配列の境界外です。 スタックトレース：   場所 SlackExport.Service.FileImportService.DevelopRegst(FileDto fileDto) 場所 C:\_develop\SlackExport\SlackExport\Service\FileImportService.cs:行 127
2023-05-04 19:41:44.6919|ERROR|SlackExport.Service.FileImportService|C:\_develop\test\開発\2020-07-09.json読み込みで例外エラー。 エラー内容：インデックスが配列の境界外です。 スタックトレース：   場所 SlackExport.Service.FileImportService.DevelopRegst(FileDto fileDto) 場所 C:\_develop\SlackExport\SlackExport\Service\FileImportService.cs:行 127
2023-05-04 19:41:44.6919|ERROR|SlackExport.Service.FileImportService|C:\_develop\test\開発\2020-07-10.json読み込みで例外エラー。 エラー内容：インデックスが配列の境界外です。 スタックトレース：   場所 SlackExport.Service.FileImportService.DevelopRegst(FileDto fileDto) 場所 C:\_develop\SlackExport\SlackExport\Service\FileImportService.cs:行 127
2023-05-04 19:41:44.6919|ERROR|SlackExport.Service.FileImportService|C:\_develop\test\開発\2020-07-12.json読み込みで例外エラー。 エラー内容：インデックスが配列の境界外です。 スタックトレース：   場所 SlackExport.Service.FileImportService.DevelopRegst(FileDto fileDto) 場所 C:\_develop\SlackExport\SlackExport\Service\FileImportService.cs:行 127
2023-05-04 19:41:44.6919|ERROR|SlackExport.Service.FileImportService|C:\_develop\test\開発\2020-07-14.json読み込みで例外エラー。 エラー内容：インデックスが配列の境界外です。 スタックトレース：   場所 SlackExport.Service.FileImportService.DevelopRegst(FileDto fileDto) 場所 C:\_develop\SlackExport\SlackExport\Service\FileImportService.cs:行 127
2023-05-04 19:41:44.6919|ERROR|SlackExport.Service.FileImportService|C:\_develop\test\開発\2020-07-17.json読み込みで例外エラー。 エラー内容：インデックスが配列の境界外です。 スタックトレース：   場所 SlackExport.Service.FileImportService.DevelopRegst(FileDto fileDto) 場所 C:\_develop\SlackExport\SlackExport\Service\FileImportService.cs:行 127
2023-05-04 19:41:44.6919|ERROR|SlackExport.Service.FileImportService|C:\_develop\test\開発\2020-07-18.json読み込みで例外エラー。 エラー内容：インデックスが配列の境界外です。 スタックトレース：   場所 SlackExport.Service.FileImportService.DevelopRegst(FileDto fileDto) 場所 C:\_develop\SlackExport\SlackExport\Service\FileImportService.cs:行 127
2023-05-04 19:41:44.6919|ERROR|SlackExport.Service.FileImportService|C:\_develop\test\開発\2020-07-22.json読み込みで例外エラー。 エラー内容：インデックスが配列の境界外です。 スタックトレース：   場所 SlackExport.Service.FileImportService.DevelopRegst(FileDto fileDto) 場所 C:\_develop\SlackExport\SlackExport\Service\FileImportService.cs:行 127
2023-05-04 19:41:44.6919|ERROR|SlackExport.Service.FileImportService|C:\_develop\test\開発\2020-07-23.json読み込みで例外エラー。 エラー内容：インデックスが配列の境界外です。 スタックトレース：   場所 SlackExport.Service.FileImportService.DevelopRegst(FileDto fileDto) 場所 C:\_develop\SlackExport\SlackExport\Service\FileImportService.cs:行 127
2023-05-04 19:41:44.6919|ERROR|SlackExport.Service.FileImportService|C:\_develop\test\開発\2020-07-26.json読み込みで例外エラー。 エラー内容：インデックスが配列の境界外です。 スタックトレース：   場所 SlackExport.Service.FileImportService.DevelopRegst(FileDto fileDto) 場所 C:\_develop\SlackExport\SlackExport\Service\FileImportService.cs:行 127
2023-05-04 19:41:44.6919|ERROR|SlackExport.Service.FileImportService|C:\_develop\test\開発\2020-07-31.json読み込みで例外エラー。 エラー内容：インデックスが配列の境界外です。 スタックトレース：   場所 SlackExport.Service.FileImportService.DevelopRegst(FileDto fileDto) 場所 C:\_develop\SlackExport\SlackExport\Service\FileImportService.cs:行 127
2023-05-04 19:41:44.6919|ERROR|SlackExport.Service.FileImportService|C:\_develop\test\開発\2020-08-01.json読み込みで例外エラー。 エラー内容：インデックスが配列の境界外です。 スタックトレース：   場所 SlackExport.Service.FileImportService.DevelopRegst(FileDto fileDto) 場所 C:\_develop\SlackExport\SlackExport\Service\FileImportService.cs:行 127
2023-05-04 19:41:44.6919|ERROR|SlackExport.Service.FileImportService|C:\_develop\test\開発\2020-08-08.json読み込みで例外エラー。 エラー内容：インデックスが配列の境界外です。 スタックトレース：   場所 SlackExport.Service.FileImportService.DevelopRegst(FileDto fileDto) 場所 C:\_develop\SlackExport\SlackExport\Service\FileImportService.cs:行 127
2023-05-04 19:41:44.6919|ERROR|SlackExport.Service.FileImportService|C:\_develop\test\開発\2020-08-11.json読み込みで例外エラー。 エラー内容：インデックスが配列の境界外です。 スタックトレース：   場所 SlackExport.Service.FileImportService.DevelopRegst(FileDto fileDto) 場所 C:\_develop\SlackExport\SlackExport\Service\FileImportService.cs:行 127
2023-05-04 19:41:44.6919|ERROR|SlackExport.Service.FileImportService|C:\_develop\test\開発\2020-08-15.json読み込みで例外エラー。 エラー内容：インデックスが配列の境界外です。 スタックトレース：   場所 SlackExport.Service.FileImportService.DevelopRegst(FileDto fileDto) 場所 C:\_develop\SlackExport\SlackExport\Service\FileImportService.cs:行 127
2023-05-04 19:41:44.6919|ERROR|SlackExport.Service.FileImportService|C:\_develop\test\開発\2020-08-20.json読み込みで例外エラー。 エラー内容：インデックスが配列の境界外です。 スタックトレース：   場所 SlackExport.Service.FileImportService.DevelopRegst(FileDto fileDto) 場所 C:\_develop\SlackExport\SlackExport\Service\FileImportService.cs:行 127
2023-05-04 19:41:44.6919|ERROR|SlackExport.Service.FileImportService|C:\_develop\test\開発\2020-08-21.json読み込みで例外エラー。 エラー内容：インデックスが配列の境界外です。 スタックトレース：   場所 SlackExport.Service.FileImportService.DevelopRegst(FileDto fileDto) 場所 C:\_develop\SlackExport\SlackExport\Service\FileImportService.cs:行 127
2023-05-04 19:41:44.6919|ERROR|SlackExport.Service.FileImportService|C:\_develop\test\開発\2020-08-23.json読み込みで例外エラー。 エラー内容：インデックスが配列の境界外です。 スタックトレース：   場所 SlackExport.Service.FileImportService.DevelopRegst(FileDto fileDto) 場所 C:\_develop\SlackExport\SlackExport\Service\FileImportService.cs:行 127
2023-05-04 19:41:44.6919|ERROR|SlackExport.Service.FileImportService|C:\_develop\test\開発\2020-08-26.json読み込みで例外エラー。 エラー内容：インデックスが配列の境界外です。 スタックトレース：   場所 SlackExport.Service.FileImportService.DevelopRegst(FileDto fileDto) 場所 C:\_develop\SlackExport\SlackExport\Service\FileImportService.cs:行 127
2023-05-04 19:41:44.7095|ERROR|SlackExport.Service.FileImportService|C:\_develop\test\開発\2020-09-02.json読み込みで例外エラー。 エラー内容：インデックスが配列の境界外です。 スタックトレース：   場所 SlackExport.Service.FileImportService.DevelopRegst(FileDto fileDto) 場所 C:\_develop\SlackExport\SlackExport\Service\FileImportService.cs:行 127
2023-05-04 19:41:44.7095|ERROR|SlackExport.Service.FileImportService|C:\_develop\test\開発\2020-09-09.json読み込みで例外エラー。 エラー内容：インデックスが配列の境界外です。 スタックトレース：   場所 SlackExport.Service.FileImportService.DevelopRegst(FileDto fileDto) 場所 C:\_develop\SlackExport\SlackExport\Service\FileImportService.cs:行 127
2023-05-04 19:41:44.7095|ERROR|SlackExport.Service.FileImportService|C:\_develop\test\開発\2020-09-11.json読み込みで例外エラー。 エラー内容：インデックスが配列の境界外です。 スタックトレース：   場所 SlackExport.Service.FileImportService.DevelopRegst(FileDto fileDto) 場所 C:\_develop\SlackExport\SlackExport\Service\FileImportService.cs:行 127
2023-05-04 19:41:44.7095|ERROR|SlackExport.Service.FileImportService|C:\_develop\test\開発\2020-09-12.json読み込みで例外エラー。 エラー内容：インデックスが配列の境界外です。 スタックトレース：   場所 SlackExport.Service.FileImportService.DevelopRegst(FileDto fileDto) 場所 C:\_develop\SlackExport\SlackExport\Service\FileImportService.cs:行 127
2023-05-04 19:41:44.7095|ERROR|SlackExport.Service.FileImportService|C:\_develop\test\開発\2020-09-13.json読み込みで例外エラー。 エラー内容：インデックスが配列の境界外です。 スタックトレース：   場所 SlackExport.Service.FileImportService.DevelopRegst(FileDto fileDto) 場所 C:\_develop\SlackExport\SlackExport\Service\FileImportService.cs:行 127
2023-05-04 19:41:44.7095|ERROR|SlackExport.Service.FileImportService|C:\_develop\test\開発\2020-09-17.json読み込みで例外エラー。 エラー内容：インデックスが配列の境界外です。 スタックトレース：   場所 SlackExport.Service.FileImportService.DevelopRegst(FileDto fileDto) 場所 C:\_develop\SlackExport\SlackExport\Service\FileImportService.cs:行 127
2023-05-04 19:41:44.7095|ERROR|SlackExport.Service.FileImportService|C:\_develop\test\開発\2020-09-20.json読み込みで例外エラー。 エラー内容：インデックスが配列の境界外です。 スタックトレース：   場所 SlackExport.Service.FileImportService.DevelopRegst(FileDto fileDto) 場所 C:\_develop\SlackExport\SlackExport\Service\FileImportService.cs:行 127
2023-05-04 19:41:44.7095|ERROR|SlackExport.Service.FileImportService|C:\_develop\test\開発\2020-09-26.json読み込みで例外エラー。 エラー内容：インデックスが配列の境界外です。 スタックトレース：   場所 SlackExport.Service.FileImportService.DevelopRegst(FileDto fileDto) 場所 C:\_develop\SlackExport\SlackExport\Service\FileImportService.cs:行 127
2023-05-04 19:41:44.7095|ERROR|SlackExport.Service.FileImportService|C:\_develop\test\開発\2020-10-01.json読み込みで例外エラー。 エラー内容：インデックスが配列の境界外です。 スタックトレース：   場所 SlackExport.Service.FileImportService.DevelopRegst(FileDto fileDto) 場所 C:\_develop\SlackExport\SlackExport\Service\FileImportService.cs:行 127
2023-05-04 19:41:44.7095|ERROR|SlackExport.Service.FileImportService|C:\_develop\test\開発\2020-10-03.json読み込みで例外エラー。 エラー内容：インデックスが配列の境界外です。 スタックトレース：   場所 SlackExport.Service.FileImportService.DevelopRegst(FileDto fileDto) 場所 C:\_develop\SlackExport\SlackExport\Service\FileImportService.cs:行 127
2023-05-04 19:41:44.7095|ERROR|SlackExport.Service.FileImportService|C:\_develop\test\開発\2020-10-12.json読み込みで例外エラー。 エラー内容：インデックスが配列の境界外です。 スタックトレース：   場所 SlackExport.Service.FileImportService.DevelopRegst(FileDto fileDto) 場所 C:\_develop\SlackExport\SlackExport\Service\FileImportService.cs:行 127
2023-05-04 19:41:44.7095|ERROR|SlackExport.Service.FileImportService|C:\_develop\test\開発\2020-10-17.json読み込みで例外エラー。 エラー内容：インデックスが配列の境界外です。 スタックトレース：   場所 SlackExport.Service.FileImportService.DevelopRegst(FileDto fileDto) 場所 C:\_develop\SlackExport\SlackExport\Service\FileImportService.cs:行 127
2023-05-04 19:41:44.7095|ERROR|SlackExport.Service.FileImportService|C:\_develop\test\開発\2020-10-18.json読み込みで例外エラー。 エラー内容：インデックスが配列の境界外です。 スタックトレース：   場所 SlackExport.Service.FileImportService.DevelopRegst(FileDto fileDto) 場所 C:\_develop\SlackExport\SlackExport\Service\FileImportService.cs:行 127
2023-05-04 19:41:44.7095|ERROR|SlackExport.Service.FileImportService|C:\_develop\test\開発\2020-10-23.json読み込みで例外エラー。 エラー内容：インデックスが配列の境界外です。 スタックトレース：   場所 SlackExport.Service.FileImportService.DevelopRegst(FileDto fileDto) 場所 C:\_develop\SlackExport\SlackExport\Service\FileImportService.cs:行 127
2023-05-04 19:41:44.7095|ERROR|SlackExport.Service.FileImportService|C:\_develop\test\開発\2020-10-30.json読み込みで例外エラー。 エラー内容：インデックスが配列の境界外です。 スタックトレース：   場所 SlackExport.Service.FileImportService.DevelopRegst(FileDto fileDto) 場所 C:\_develop\SlackExport\SlackExport\Service\FileImportService.cs:行 127
2023-05-04 19:41:44.7095|ERROR|SlackExport.Service.FileImportService|C:\_develop\test\開発\2020-11-06.json読み込みで例外エラー。 エラー内容：インデックスが配列の境界外です。 スタックトレース：   場所 SlackExport.Service.FileImportService.DevelopRegst(FileDto fileDto) 場所 C:\_develop\SlackExport\SlackExport\Service\FileImportService.cs:行 127
2023-05-04 19:41:44.7095|ERROR|SlackExport.Service.FileImportService|C:\_develop\test\開発\2020-11-07.json読み込みで例外エラー。 エラー内容：インデックスが配列の境界外です。 スタックトレース：   場所 SlackExport.Service.FileImportService.DevelopRegst(FileDto fileDto) 場所 C:\_develop\SlackExport\SlackExport\Service\FileImportService.cs:行 127
2023-05-04 19:41:44.7095|ERROR|SlackExport.Service.FileImportService|C:\_develop\test\開発\2020-11-08.json読み込みで例外エラー。 エラー内容：インデックスが配列の境界外です。 スタックトレース：   場所 SlackExport.Service.FileImportService.DevelopRegst(FileDto fileDto) 場所 C:\_develop\SlackExport\SlackExport\Service\FileImportService.cs:行 127
2023-05-04 19:41:44.7095|ERROR|SlackExport.Service.FileImportService|C:\_develop\test\開発\2020-11-14.json読み込みで例外エラー。 エラー内容：インデックスが配列の境界外です。 スタックトレース：   場所 SlackExport.Service.FileImportService.DevelopRegst(FileDto fileDto) 場所 C:\_develop\SlackExport\SlackExport\Service\FileImportService.cs:行 127
2023-05-04 19:41:44.7095|ERROR|SlackExport.Service.FileImportService|C:\_develop\test\開発\2020-11-22.json読み込みで例外エラー。 エラー内容：インデックスが配列の境界外です。 スタックトレース：   場所 SlackExport.Service.FileImportService.DevelopRegst(FileDto fileDto) 場所 C:\_develop\SlackExport\SlackExport\Service\FileImportService.cs:行 127
2023-05-04 19:41:44.7095|ERROR|SlackExport.Service.FileImportService|C:\_develop\test\開発\2020-12-03.json読み込みで例外エラー。 エラー内容：インデックスが配列の境界外です。 スタックトレース：   場所 SlackExport.Service.FileImportService.DevelopRegst(FileDto fileDto) 場所 C:\_develop\SlackExport\SlackExport\Service\FileImportService.cs:行 127
2023-05-04 19:41:44.7095|ERROR|SlackExport.Service.FileImportService|C:\_develop\test\開発\2020-12-05.json読み込みで例外エラー。 エラー内容：インデックスが配列の境界外です。 スタックトレース：   場所 SlackExport.Service.FileImportService.DevelopRegst(FileDto fileDto) 場所 C:\_develop\SlackExport\SlackExport\Service\FileImportService.cs:行 127
2023-05-04 19:41:44.7095|ERROR|SlackExport.Service.FileImportService|C:\_develop\test\開発\2020-12-06.json読み込みで例外エラー。 エラー内容：インデックスが配列の境界外です。 スタックトレース：   場所 SlackExport.Service.FileImportService.DevelopRegst(FileDto fileDto) 場所 C:\_develop\SlackExport\SlackExport\Service\FileImportService.cs:行 127
2023-05-04 19:41:44.7095|ERROR|SlackExport.Service.FileImportService|C:\_develop\test\開発\2020-12-12.json読み込みで例外エラー。 エラー内容：インデックスが配列の境界外です。 スタックトレース：   場所 SlackExport.Service.FileImportService.DevelopRegst(FileDto fileDto) 場所 C:\_develop\SlackExport\SlackExport\Service\FileImportService.cs:行 127
2023-05-04 19:41:44.7095|ERROR|SlackExport.Service.FileImportService|C:\_develop\test\開発\2020-12-19.json読み込みで例外エラー。 エラー内容：インデックスが配列の境界外です。 スタックトレース：   場所 SlackExport.Service.FileImportService.DevelopRegst(FileDto fileDto) 場所 C:\_develop\SlackExport\SlackExport\Service\FileImportService.cs:行 127
2023-05-04 19:41:44.7095|ERROR|SlackExport.Service.FileImportService|C:\_develop\test\開発\2020-12-20.json読み込みで例外エラー。 エラー内容：インデックスが配列の境界外です。 スタックトレース：   場所 SlackExport.Service.FileImportService.DevelopRegst(FileDto fileDto) 場所 C:\_develop\SlackExport\SlackExport\Service\FileImportService.cs:行 127
2023-05-04 19:41:44.7095|ERROR|SlackExport.Service.FileImportService|C:\_develop\test\開発\2020-12-22.json読み込みで例外エラー。 エラー内容：インデックスが配列の境界外です。 スタックトレース：   場所 SlackExport.Service.FileImportService.DevelopRegst(FileDto fileDto) 場所 C:\_develop\SlackExport\SlackExport\Service\FileImportService.cs:行 127
2023-05-04 19:41:44.7095|ERROR|SlackExport.Service.FileImportService|C:\_develop\test\開発\2020-12-26.json読み込みで例外エラー。 エラー内容：インデックスが配列の境界外です。 スタックトレース：   場所 SlackExport.Service.FileImportService.DevelopRegst(FileDto fileDto) 場所 C:\_develop\SlackExport\SlackExport\Service\FileImportService.cs:行 127
2023-05-04 19:41:44.7095|ERROR|SlackExport.Service.FileImportService|C:\_develop\test\開発\2020-12-27.json読み込みで例外エラー。 エラー内容：インデックスが配列の境界外です。 スタックトレース：   場所 SlackExport.Service.FileImportService.DevelopRegst(FileDto fileDto) 場所 C:\_develop\SlackExport\SlackExport\Service\FileImportService.cs:行 127
2023-05-04 19:41:44.7095|ERROR|SlackExport.Service.FileImportService|C:\_develop\test\開発\2020-12-29.json読み込みで例外エラー。 エラー内容：インデックスが配列の境界外です。 スタックトレース：   場所 SlackExport.Service.FileImportService.DevelopRegst(FileDto fileDto) 場所 C:\_develop\SlackExport\SlackExport\Service\FileImportService.cs:行 127
2023-05-04 19:41:44.7095|ERROR|SlackExport.Service.FileImportService|C:\_develop\test\開発\2020-12-30.json読み込みで例外エラー。 エラー内容：インデックスが配列の境界外です。 スタックトレース：   場所 SlackExport.Service.FileImportService.DevelopRegst(FileDto fileDto) 場所 C:\_develop\SlackExport\SlackExport\Service\FileImportService.cs:行 127
2023-05-04 19:41:44.7233|ERROR|SlackExport.Service.FileImportService|C:\_develop\test\開発\2021-01-08.json読み込みで例外エラー。 エラー内容：インデックスが配列の境界外です。 スタックトレース：   場所 SlackExport.Service.FileImportService.DevelopRegst(FileDto fileDto) 場所 C:\_develop\SlackExport\SlackExport\Service\FileImportService.cs:行 127
2023-05-04 19:41:44.7233|ERROR|SlackExport.Service.FileImportService|C:\_develop\test\開発\2021-01-11.json読み込みで例外エラー。 エラー内容：インデックスが配列の境界外です。 スタックトレース：   場所 SlackExport.Service.FileImportService.DevelopRegst(FileDto fileDto) 場所 C:\_develop\SlackExport\SlackExport\Service\FileImportService.cs:行 127
2023-05-04 19:41:44.7233|ERROR|SlackExport.Service.FileImportService|C:\_develop\test\開発\2021-01-17.json読み込みで例外エラー。 エラー内容：インデックスが配列の境界外です。 スタックトレース：   場所 SlackExport.Service.FileImportService.DevelopRegst(FileDto fileDto) 場所 C:\_develop\SlackExport\SlackExport\Service\FileImportService.cs:行 127
2023-05-04 19:41:44.7233|ERROR|SlackExport.Service.FileImportService|C:\_develop\test\開発\2021-01-27.json読み込みで例外エラー。 エラー内容：インデックスが配列の境界外です。 スタックトレース：   場所 SlackExport.Service.FileImportService.DevelopRegst(FileDto fileDto) 場所 C:\_develop\SlackExport\SlackExport\Service\FileImportService.cs:行 127
2023-05-04 19:41:44.7233|ERROR|SlackExport.Service.FileImportService|C:\_develop\test\開発\2021-02-04.json読み込みで例外エラー。 エラー内容：インデックスが配列の境界外です。 スタックトレース：   場所 SlackExport.Service.FileImportService.DevelopRegst(FileDto fileDto) 場所 C:\_develop\SlackExport\SlackExport\Service\FileImportService.cs:行 127
2023-05-04 19:41:44.7233|ERROR|SlackExport.Service.FileImportService|C:\_develop\test\開発\2021-02-10.json読み込みで例外エラー。 エラー内容：インデックスが配列の境界外です。 スタックトレース：   場所 SlackExport.Service.FileImportService.DevelopRegst(FileDto fileDto) 場所 C:\_develop\SlackExport\SlackExport\Service\FileImportService.cs:行 127
2023-05-04 19:41:44.7233|ERROR|SlackExport.Service.FileImportService|C:\_develop\test\開発\2021-02-17.json読み込みで例外エラー。 エラー内容：インデックスが配列の境界外です。 スタックトレース：   場所 SlackExport.Service.FileImportService.DevelopRegst(FileDto fileDto) 場所 C:\_develop\SlackExport\SlackExport\Service\FileImportService.cs:行 127
2023-05-04 19:41:44.7233|ERROR|SlackExport.Service.FileImportService|C:\_develop\test\開発\2021-03-20.json読み込みで例外エラー。 エラー内容：インデックスが配列の境界外です。 スタックトレース：   場所 SlackExport.Service.FileImportService.DevelopRegst(FileDto fileDto) 場所 C:\_develop\SlackExport\SlackExport\Service\FileImportService.cs:行 127
2023-05-04 19:41:44.7233|ERROR|SlackExport.Service.FileImportService|C:\_develop\test\開発\2021-04-01.json読み込みで例外エラー。 エラー内容：インデックスが配列の境界外です。 スタックトレース：   場所 SlackExport.Service.FileImportService.DevelopRegst(FileDto fileDto) 場所 C:\_develop\SlackExport\SlackExport\Service\FileImportService.cs:行 127
2023-05-04 19:41:44.7233|ERROR|SlackExport.Service.FileImportService|C:\_develop\test\開発\2021-04-09.json読み込みで例外エラー。 エラー内容：インデックスが配列の境界外です。 スタックトレース：   場所 SlackExport.Service.FileImportService.DevelopRegst(FileDto fileDto) 場所 C:\_develop\SlackExport\SlackExport\Service\FileImportService.cs:行 127
2023-05-04 19:41:44.7233|ERROR|SlackExport.Service.FileImportService|C:\_develop\test\開発\2021-04-10.json読み込みで例外エラー。 エラー内容：インデックスが配列の境界外です。 スタックトレース：   場所 SlackExport.Service.FileImportService.DevelopRegst(FileDto fileDto) 場所 C:\_develop\SlackExport\SlackExport\Service\FileImportService.cs:行 127
2023-05-04 19:41:44.7233|ERROR|SlackExport.Service.FileImportService|C:\_develop\test\開発\2021-04-11.json読み込みで例外エラー。 エラー内容：インデックスが配列の境界外です。 スタックトレース：   場所 SlackExport.Service.FileImportService.DevelopRegst(FileDto fileDto) 場所 C:\_develop\SlackExport\SlackExport\Service\FileImportService.cs:行 127
2023-05-04 19:41:44.7233|ERROR|SlackExport.Service.FileImportService|C:\_develop\test\開発\2021-04-21.json読み込みで例外エラー。 エラー内容：インデックスが配列の境界外です。 スタックトレース：   場所 SlackExport.Service.FileImportService.DevelopRegst(FileDto fileDto) 場所 C:\_develop\SlackExport\SlackExport\Service\FileImportService.cs:行 127
2023-05-04 19:41:44.7233|ERROR|SlackExport.Service.FileImportService|C:\_develop\test\開発\2021-04-22.json読み込みで例外エラー。 エラー内容：インデックスが配列の境界外です。 スタックトレース：   場所 SlackExport.Service.FileImportService.DevelopRegst(FileDto fileDto) 場所 C:\_develop\SlackExport\SlackExport\Service\FileImportService.cs:行 127
2023-05-04 19:41:44.7233|ERROR|SlackExport.Service.FileImportService|C:\_develop\test\開発\2021-05-03.json読み込みで例外エラー。 エラー内容：インデックスが配列の境界外です。 スタックトレース：   場所 SlackExport.Service.FileImportService.DevelopRegst(FileDto fileDto) 場所 C:\_develop\SlackExport\SlackExport\Service\FileImportService.cs:行 127
2023-05-04 19:41:44.7233|ERROR|SlackExport.Service.FileImportService|C:\_develop\test\開発\2021-05-12.json読み込みで例外エラー。 エラー内容：インデックスが配列の境界外です。 スタックトレース：   場所 SlackExport.Service.FileImportService.DevelopRegst(FileDto fileDto) 場所 C:\_develop\SlackExport\SlackExport\Service\FileImportService.cs:行 127
2023-05-04 19:41:44.7233|ERROR|SlackExport.Service.FileImportService|C:\_develop\test\開発\2021-05-16.json読み込みで例外エラー。 エラー内容：インデックスが配列の境界外です。 スタックトレース：   場所 SlackExport.Service.FileImportService.DevelopRegst(FileDto fileDto) 場所 C:\_develop\SlackExport\SlackExport\Service\FileImportService.cs:行 127
2023-05-04 19:41:44.7233|ERROR|SlackExport.Service.FileImportService|C:\_develop\test\開発\2021-05-22.json読み込みで例外エラー。 エラー内容：インデックスが配列の境界外です。 スタックトレース：   場所 SlackExport.Service.FileImportService.DevelopRegst(FileDto fileDto) 場所 C:\_develop\SlackExport\SlackExport\Service\FileImportService.cs:行 127
2023-05-04 19:41:44.7233|ERROR|SlackExport.Service.FileImportService|C:\_develop\test\開発\2021-05-23.json読み込みで例外エラー。 エラー内容：インデックスが配列の境界外です。 スタックトレース：   場所 SlackExport.Service.FileImportService.DevelopRegst(FileDto fileDto) 場所 C:\_develop\SlackExport\SlackExport\Service\FileImportService.cs:行 127
2023-05-04 19:41:44.7233|ERROR|SlackExport.Service.FileImportService|C:\_develop\test\開発\2021-05-29.json読み込みで例外エラー。 エラー内容：インデックスが配列の境界外です。 スタックトレース：   場所 SlackExport.Service.FileImportService.DevelopRegst(FileDto fileDto) 場所 C:\_develop\SlackExport\SlackExport\Service\FileImportService.cs:行 127
2023-05-04 19:41:44.7233|ERROR|SlackExport.Service.FileImportService|C:\_develop\test\開発\2021-06-05.json読み込みで例外エラー。 エラー内容：インデックスが配列の境界外です。 スタックトレース：   場所 SlackExport.Service.FileImportService.DevelopRegst(FileDto fileDto) 場所 C:\_develop\SlackExport\SlackExport\Service\FileImportService.cs:行 127
2023-05-04 19:41:44.7233|ERROR|SlackExport.Service.FileImportService|C:\_develop\test\開発\2021-06-06.json読み込みで例外エラー。 エラー内容：インデックスが配列の境界外です。 スタックトレース：   場所 SlackExport.Service.FileImportService.DevelopRegst(FileDto fileDto) 場所 C:\_develop\SlackExport\SlackExport\Service\FileImportService.cs:行 127
2023-05-04 19:41:44.7233|ERROR|SlackExport.Service.FileImportService|C:\_develop\test\開発\2021-06-12.json読み込みで例外エラー。 エラー内容：インデックスが配列の境界外です。 スタックトレース：   場所 SlackExport.Service.FileImportService.DevelopRegst(FileDto fileDto) 場所 C:\_develop\SlackExport\SlackExport\Service\FileImportService.cs:行 127
2023-05-04 19:41:44.7233|ERROR|SlackExport.Service.FileImportService|C:\_develop\test\開発\2021-06-18.json読み込みで例外エラー。 エラー内容：インデックスが配列の境界外です。 スタックトレース：   場所 SlackExport.Service.FileImportService.DevelopRegst(FileDto fileDto) 場所 C:\_develop\SlackExport\SlackExport\Service\FileImportService.cs:行 127
2023-05-04 19:41:44.7233|ERROR|SlackExport.Service.FileImportService|C:\_develop\test\開発\2021-06-22.json読み込みで例外エラー。 エラー内容：インデックスが配列の境界外です。 スタックトレース：   場所 SlackExport.Service.FileImportService.DevelopRegst(FileDto fileDto) 場所 C:\_develop\SlackExport\SlackExport\Service\FileImportService.cs:行 127
2023-05-04 19:41:44.7233|ERROR|SlackExport.Service.FileImportService|C:\_develop\test\開発\2021-07-04.json読み込みで例外エラー。 エラー内容：インデックスが配列の境界外です。 スタックトレース：   場所 SlackExport.Service.FileImportService.DevelopRegst(FileDto fileDto) 場所 C:\_develop\SlackExport\SlackExport\Service\FileImportService.cs:行 127
2023-05-04 19:41:44.7233|ERROR|SlackExport.Service.FileImportService|C:\_develop\test\開発\2021-07-07.json読み込みで例外エラー。 エラー内容：インデックスが配列の境界外です。 スタックトレース：   場所 SlackExport.Service.FileImportService.DevelopRegst(FileDto fileDto) 場所 C:\_develop\SlackExport\SlackExport\Service\FileImportService.cs:行 127
2023-05-04 19:41:44.7233|ERROR|SlackExport.Service.FileImportService|C:\_develop\test\開発\2021-07-11.json読み込みで例外エラー。 エラー内容：インデックスが配列の境界外です。 スタックトレース：   場所 SlackExport.Service.FileImportService.DevelopRegst(FileDto fileDto) 場所 C:\_develop\SlackExport\SlackExport\Service\FileImportService.cs:行 127
2023-05-04 19:41:44.7233|ERROR|SlackExport.Service.FileImportService|C:\_develop\test\開発\2021-07-17.json読み込みで例外エラー。 エラー内容：インデックスが配列の境界外です。 スタックトレース：   場所 SlackExport.Service.FileImportService.DevelopRegst(FileDto fileDto) 場所 C:\_develop\SlackExport\SlackExport\Service\FileImportService.cs:行 127
2023-05-04 19:41:44.7388|ERROR|SlackExport.Service.FileImportService|C:\_develop\test\開発\2021-07-23.json読み込みで例外エラー。 エラー内容：インデックスが配列の境界外です。 スタックトレース：   場所 SlackExport.Service.FileImportService.DevelopRegst(FileDto fileDto) 場所 C:\_develop\SlackExport\SlackExport\Service\FileImportService.cs:行 127
2023-05-04 19:41:44.7388|ERROR|SlackExport.Service.FileImportService|C:\_develop\test\開発\2021-07-30.json読み込みで例外エラー。 エラー内容：インデックスが配列の境界外です。 スタックトレース：   場所 SlackExport.Service.FileImportService.DevelopRegst(FileDto fileDto) 場所 C:\_develop\SlackExport\SlackExport\Service\FileImportService.cs:行 127
2023-05-04 19:41:44.7388|ERROR|SlackExport.Service.FileImportService|C:\_develop\test\開発\2021-07-31.json読み込みで例外エラー。 エラー内容：インデックスが配列の境界外です。 スタックトレース：   場所 SlackExport.Service.FileImportService.DevelopRegst(FileDto fileDto) 場所 C:\_develop\SlackExport\SlackExport\Service\FileImportService.cs:行 127
2023-05-04 19:41:44.7388|ERROR|SlackExport.Service.FileImportService|C:\_develop\test\開発\2021-08-04.json読み込みで例外エラー。 エラー内容：インデックスが配列の境界外です。 スタックトレース：   場所 SlackExport.Service.FileImportService.DevelopRegst(FileDto fileDto) 場所 C:\_develop\SlackExport\SlackExport\Service\FileImportService.cs:行 127
2023-05-04 19:41:44.7388|ERROR|SlackExport.Service.FileImportService|C:\_develop\test\開発\2021-08-08.json読み込みで例外エラー。 エラー内容：インデックスが配列の境界外です。 スタックトレース：   場所 SlackExport.Service.FileImportService.DevelopRegst(FileDto fileDto) 場所 C:\_develop\SlackExport\SlackExport\Service\FileImportService.cs:行 127
2023-05-04 19:41:44.7388|ERROR|SlackExport.Service.FileImportService|C:\_develop\test\開発\2021-08-09.json読み込みで例外エラー。 エラー内容：インデックスが配列の境界外です。 スタックトレース：   場所 SlackExport.Service.FileImportService.DevelopRegst(FileDto fileDto) 場所 C:\_develop\SlackExport\SlackExport\Service\FileImportService.cs:行 127
2023-05-04 19:41:44.7388|ERROR|SlackExport.Service.FileImportService|C:\_develop\test\開発\2021-08-10.json読み込みで例外エラー。 エラー内容：インデックスが配列の境界外です。 スタックトレース：   場所 SlackExport.Service.FileImportService.DevelopRegst(FileDto fileDto) 場所 C:\_develop\SlackExport\SlackExport\Service\FileImportService.cs:行 127
2023-05-04 19:41:44.7388|ERROR|SlackExport.Service.FileImportService|C:\_develop\test\開発\2021-08-11.json読み込みで例外エラー。 エラー内容：インデックスが配列の境界外です。 スタックトレース：   場所 SlackExport.Service.FileImportService.DevelopRegst(FileDto fileDto) 場所 C:\_develop\SlackExport\SlackExport\Service\FileImportService.cs:行 127
2023-05-04 19:41:44.7388|ERROR|SlackExport.Service.FileImportService|C:\_develop\test\開発\2021-08-13.json読み込みで例外エラー。 エラー内容：インデックスが配列の境界外です。 スタックトレース：   場所 SlackExport.Service.FileImportService.DevelopRegst(FileDto fileDto) 場所 C:\_develop\SlackExport\SlackExport\Service\FileImportService.cs:行 127
2023-05-04 19:41:44.7388|ERROR|SlackExport.Service.FileImportService|C:\_develop\test\開発\2021-08-15.json読み込みで例外エラー。 エラー内容：インデックスが配列の境界外です。 スタックトレース：   場所 SlackExport.Service.FileImportService.DevelopRegst(FileDto fileDto) 場所 C:\_develop\SlackExport\SlackExport\Service\FileImportService.cs:行 127
2023-05-04 19:41:44.7388|ERROR|SlackExport.Service.FileImportService|C:\_develop\test\開発\2021-08-16.json読み込みで例外エラー。 エラー内容：インデックスが配列の境界外です。 スタックトレース：   場所 SlackExport.Service.FileImportService.DevelopRegst(FileDto fileDto) 場所 C:\_develop\SlackExport\SlackExport\Service\FileImportService.cs:行 127
2023-05-04 19:41:44.7388|ERROR|SlackExport.Service.FileImportService|C:\_develop\test\開発\2021-08-21.json読み込みで例外エラー。 エラー内容：インデックスが配列の境界外です。 スタックトレース：   場所 SlackExport.Service.FileImportService.DevelopRegst(FileDto fileDto) 場所 C:\_develop\SlackExport\SlackExport\Service\FileImportService.cs:行 127
2023-05-04 19:41:44.7388|ERROR|SlackExport.Service.FileImportService|C:\_develop\test\開発\2021-08-28.json読み込みで例外エラー。 エラー内容：インデックスが配列の境界外です。 スタックトレース：   場所 SlackExport.Service.FileImportService.DevelopRegst(FileDto fileDto) 場所 C:\_develop\SlackExport\SlackExport\Service\FileImportService.cs:行 127
2023-05-04 19:41:44.7388|ERROR|SlackExport.Service.FileImportService|C:\_develop\test\開発\2021-09-11.json読み込みで例外エラー。 エラー内容：インデックスが配列の境界外です。 スタックトレース：   場所 SlackExport.Service.FileImportService.DevelopRegst(FileDto fileDto) 場所 C:\_develop\SlackExport\SlackExport\Service\FileImportService.cs:行 127
2023-05-04 19:41:44.7388|ERROR|SlackExport.Service.FileImportService|C:\_develop\test\開発\2021-09-19.json読み込みで例外エラー。 エラー内容：インデックスが配列の境界外です。 スタックトレース：   場所 SlackExport.Service.FileImportService.DevelopRegst(FileDto fileDto) 場所 C:\_develop\SlackExport\SlackExport\Service\FileImportService.cs:行 127
2023-05-04 19:41:44.7388|ERROR|SlackExport.Service.FileImportService|C:\_develop\test\開発\2021-10-01.json読み込みで例外エラー。 エラー内容：インデックスが配列の境界外です。 スタックトレース：   場所 SlackExport.Service.FileImportService.DevelopRegst(FileDto fileDto) 場所 C:\_develop\SlackExport\SlackExport\Service\FileImportService.cs:行 127
2023-05-04 19:41:44.7388|ERROR|SlackExport.Service.FileImportService|C:\_develop\test\開発\2021-10-20.json読み込みで例外エラー。 エラー内容：インデックスが配列の境界外です。 スタックトレース：   場所 SlackExport.Service.FileImportService.DevelopRegst(FileDto fileDto) 場所 C:\_develop\SlackExport\SlackExport\Service\FileImportService.cs:行 127
2023-05-04 19:41:44.7388|ERROR|SlackExport.Service.FileImportService|C:\_develop\test\開発\2021-11-23.json読み込みで例外エラー。 エラー内容：インデックスが配列の境界外です。 スタックトレース：   場所 SlackExport.Service.FileImportService.DevelopRegst(FileDto fileDto) 場所 C:\_develop\SlackExport\SlackExport\Service\FileImportService.cs:行 127
2023-05-04 19:41:44.7388|ERROR|SlackExport.Service.FileImportService|C:\_develop\test\開発\2021-11-28.json読み込みで例外エラー。 エラー内容：インデックスが配列の境界外です。 スタックトレース：   場所 SlackExport.Service.FileImportService.DevelopRegst(FileDto fileDto) 場所 C:\_develop\SlackExport\SlackExport\Service\FileImportService.cs:行 127
2023-05-04 19:41:44.7388|ERROR|SlackExport.Service.FileImportService|C:\_develop\test\開発\2021-12-18.json読み込みで例外エラー。 エラー内容：インデックスが配列の境界外です。 スタックトレース：   場所 SlackExport.Service.FileImportService.DevelopRegst(FileDto fileDto) 場所 C:\_develop\SlackExport\SlackExport\Service\FileImportService.cs:行 127
2023-05-04 19:41:44.7388|ERROR|SlackExport.Service.FileImportService|C:\_develop\test\開発\2021-12-19.json読み込みで例外エラー。 エラー内容：インデックスが配列の境界外です。 スタックトレース：   場所 SlackExport.Service.FileImportService.DevelopRegst(FileDto fileDto) 場所 C:\_develop\SlackExport\SlackExport\Service\FileImportService.cs:行 127
2023-05-04 19:41:44.7388|ERROR|SlackExport.Service.FileImportService|C:\_develop\test\開発\2021-12-26.json読み込みで例外エラー。 エラー内容：インデックスが配列の境界外です。 スタックトレース：   場所 SlackExport.Service.FileImportService.DevelopRegst(FileDto fileDto) 場所 C:\_develop\SlackExport\SlackExport\Service\FileImportService.cs:行 127
2023-05-04 19:41:44.7388|ERROR|SlackExport.Service.FileImportService|C:\_develop\test\開発\2022-02-10.json読み込みで例外エラー。 エラー内容：インデックスが配列の境界外です。 スタックトレース：   場所 SlackExport.Service.FileImportService.DevelopRegst(FileDto fileDto) 場所 C:\_develop\SlackExport\SlackExport\Service\FileImportService.cs:行 127
2023-05-04 19:41:44.7388|ERROR|SlackExport.Service.FileImportService|C:\_develop\test\開発\2022-04-02.json読み込みで例外エラー。 エラー内容：インデックスが配列の境界外です。 スタックトレース：   場所 SlackExport.Service.FileImportService.DevelopRegst(FileDto fileDto) 場所 C:\_develop\SlackExport\SlackExport\Service\FileImportService.cs:行 127
2023-05-04 19:41:44.7388|ERROR|SlackExport.Service.FileImportService|C:\_develop\test\開発\2022-04-10.json読み込みで例外エラー。 エラー内容：インデックスが配列の境界外です。 スタックトレース：   場所 SlackExport.Service.FileImportService.DevelopRegst(FileDto fileDto) 場所 C:\_develop\SlackExport\SlackExport\Service\FileImportService.cs:行 127
2023-05-04 19:41:44.7388|ERROR|SlackExport.Service.FileImportService|C:\_develop\test\開発\2022-04-28.json読み込みで例外エラー。 エラー内容：インデックスが配列の境界外です。 スタックトレース：   場所 SlackExport.Service.FileImportService.DevelopRegst(FileDto fileDto) 場所 C:\_develop\SlackExport\SlackExport\Service\FileImportService.cs:行 127
2023-05-04 19:41:44.7388|ERROR|SlackExport.Service.FileImportService|C:\_develop\test\開発\2022-05-01.json読み込みで例外エラー。 エラー内容：インデックスが配列の境界外です。 スタックトレース：   場所 SlackExport.Service.FileImportService.DevelopRegst(FileDto fileDto) 場所 C:\_develop\SlackExport\SlackExport\Service\FileImportService.cs:行 127
2023-05-04 19:41:44.7388|ERROR|SlackExport.Service.FileImportService|C:\_develop\test\開発\2022-05-06.json読み込みで例外エラー。 エラー内容：インデックスが配列の境界外です。 スタックトレース：   場所 SlackExport.Service.FileImportService.DevelopRegst(FileDto fileDto) 場所 C:\_develop\SlackExport\SlackExport\Service\FileImportService.cs:行 127
2023-05-04 19:41:44.7388|ERROR|SlackExport.Service.FileImportService|C:\_develop\test\開発\2022-05-13.json読み込みで例外エラー。 エラー内容：インデックスが配列の境界外です。 スタックトレース：   場所 SlackExport.Service.FileImportService.DevelopRegst(FileDto fileDto) 場所 C:\_develop\SlackExport\SlackExport\Service\FileImportService.cs:行 127
2023-05-04 19:41:44.7388|ERROR|SlackExport.Service.FileImportService|C:\_develop\test\開発\2022-05-21.json読み込みで例外エラー。 エラー内容：インデックスが配列の境界外です。 スタックトレース：   場所 SlackExport.Service.FileImportService.DevelopRegst(FileDto fileDto) 場所 C:\_develop\SlackExport\SlackExport\Service\FileImportService.cs:行 127
2023-05-04 19:41:44.7388|ERROR|SlackExport.Service.FileImportService|C:\_develop\test\開発\2022-05-27.json読み込みで例外エラー。 エラー内容：インデックスが配列の境界外です。 スタックトレース：   場所 SlackExport.Service.FileImportService.DevelopRegst(FileDto fileDto) 場所 C:\_develop\SlackExport\SlackExport\Service\FileImportService.cs:行 127
2023-05-04 19:41:44.7388|ERROR|SlackExport.Service.FileImportService|C:\_develop\test\開発\2022-06-03.json読み込みで例外エラー。 エラー内容：インデックスが配列の境界外です。 スタックトレース：   場所 SlackExport.Service.FileImportService.DevelopRegst(FileDto fileDto) 場所 C:\_develop\SlackExport\SlackExport\Service\FileImportService.cs:行 127
2023-05-04 19:41:44.7388|ERROR|SlackExport.Service.FileImportService|C:\_develop\test\開発\2022-06-11.json読み込みで例外エラー。 エラー内容：インデックスが配列の境界外です。 スタックトレース：   場所 SlackExport.Service.FileImportService.DevelopRegst(FileDto fileDto) 場所 C:\_develop\SlackExport\SlackExport\Service\FileImportService.cs:行 127
2023-05-04 19:41:44.7388|ERROR|SlackExport.Service.FileImportService|C:\_develop\test\開発\2022-06-12.json読み込みで例外エラー。 エラー内容：インデックスが配列の境界外です。 スタックトレース：   場所 SlackExport.Service.FileImportService.DevelopRegst(FileDto fileDto) 場所 C:\_develop\SlackExport\SlackExport\Service\FileImportService.cs:行 127
2023-05-04 19:41:44.7388|ERROR|SlackExport.Service.FileImportService|C:\_develop\test\開発\2022-07-03.json読み込みで例外エラー。 エラー内容：インデックスが配列の境界外です。 スタックトレース：   場所 SlackExport.Service.FileImportService.DevelopRegst(FileDto fileDto) 場所 C:\_develop\SlackExport\SlackExport\Service\FileImportService.cs:行 127
2023-05-04 19:41:44.7388|ERROR|SlackExport.Service.FileImportService|C:\_develop\test\開発\2022-07-15.json読み込みで例外エラー。 エラー内容：インデックスが配列の境界外です。 スタックトレース：   場所 SlackExport.Service.FileImportService.DevelopRegst(FileDto fileDto) 場所 C:\_develop\SlackExport\SlackExport\Service\FileImportService.cs:行 127
2023-05-04 19:41:44.7388|ERROR|SlackExport.Service.FileImportService|C:\_develop\test\開発\2022-07-17.json読み込みで例外エラー。 エラー内容：インデックスが配列の境界外です。 スタックトレース：   場所 SlackExport.Service.FileImportService.DevelopRegst(FileDto fileDto) 場所 C:\_develop\SlackExport\SlackExport\Service\FileImportService.cs:行 127
2023-05-04 19:41:44.7388|ERROR|SlackExport.Service.FileImportService|C:\_develop\test\開発\2022-07-18.json読み込みで例外エラー。 エラー内容：インデックスが配列の境界外です。 スタックトレース：   場所 SlackExport.Service.FileImportService.DevelopRegst(FileDto fileDto) 場所 C:\_develop\SlackExport\SlackExport\Service\FileImportService.cs:行 127
2023-05-04 19:41:44.7388|ERROR|SlackExport.Service.FileImportService|C:\_develop\test\開発\2022-07-30.json読み込みで例外エラー。 エラー内容：インデックスが配列の境界外です。 スタックトレース：   場所 SlackExport.Service.FileImportService.DevelopRegst(FileDto fileDto) 場所 C:\_develop\SlackExport\SlackExport\Service\FileImportService.cs:行 127
2023-05-04 19:41:44.7388|ERROR|SlackExport.Service.FileImportService|C:\_develop\test\開発\2022-07-31.json読み込みで例外エラー。 エラー内容：インデックスが配列の境界外です。 スタックトレース：   場所 SlackExport.Service.FileImportService.DevelopRegst(FileDto fileDto) 場所 C:\_develop\SlackExport\SlackExport\Service\FileImportService.cs:行 127
2023-05-04 19:41:44.7388|ERROR|SlackExport.Service.FileImportService|C:\_develop\test\開発\2022-08-06.json読み込みで例外エラー。 エラー内容：インデックスが配列の境界外です。 スタックトレース：   場所 SlackExport.Service.FileImportService.DevelopRegst(FileDto fileDto) 場所 C:\_develop\SlackExport\SlackExport\Service\FileImportService.cs:行 127
2023-05-04 19:41:44.7545|ERROR|SlackExport.Service.FileImportService|C:\_develop\test\開発\2022-08-07.json読み込みで例外エラー。 エラー内容：インデックスが配列の境界外です。 スタックトレース：   場所 SlackExport.Service.FileImportService.DevelopRegst(FileDto fileDto) 場所 C:\_develop\SlackExport\SlackExport\Service\FileImportService.cs:行 127
2023-05-04 19:41:44.7545|ERROR|SlackExport.Service.FileImportService|C:\_develop\test\開発\2022-08-20.json読み込みで例外エラー。 エラー内容：インデックスが配列の境界外です。 スタックトレース：   場所 SlackExport.Service.FileImportService.DevelopRegst(FileDto fileDto) 場所 C:\_develop\SlackExport\SlackExport\Service\FileImportService.cs:行 127
2023-05-04 19:41:44.7545|ERROR|SlackExport.Service.FileImportService|C:\_develop\test\開発\2022-08-21.json読み込みで例外エラー。 エラー内容：インデックスが配列の境界外です。 スタックトレース：   場所 SlackExport.Service.FileImportService.DevelopRegst(FileDto fileDto) 場所 C:\_develop\SlackExport\SlackExport\Service\FileImportService.cs:行 127
2023-05-04 19:41:44.7545|ERROR|SlackExport.Service.FileImportService|C:\_develop\test\開発\2022-08-28.json読み込みで例外エラー。 エラー内容：インデックスが配列の境界外です。 スタックトレース：   場所 SlackExport.Service.FileImportService.DevelopRegst(FileDto fileDto) 場所 C:\_develop\SlackExport\SlackExport\Service\FileImportService.cs:行 127
2023-05-04 19:41:44.7545|ERROR|SlackExport.Service.FileImportService|C:\_develop\test\開発\2022-09-02.json読み込みで例外エラー。 エラー内容：インデックスが配列の境界外です。 スタックトレース：   場所 SlackExport.Service.FileImportService.DevelopRegst(FileDto fileDto) 場所 C:\_develop\SlackExport\SlackExport\Service\FileImportService.cs:行 127
2023-05-04 19:41:44.7545|ERROR|SlackExport.Service.FileImportService|C:\_develop\test\開発\2022-09-10.json読み込みで例外エラー。 エラー内容：インデックスが配列の境界外です。 スタックトレース：   場所 SlackExport.Service.FileImportService.DevelopRegst(FileDto fileDto) 場所 C:\_develop\SlackExport\SlackExport\Service\FileImportService.cs:行 127
2023-05-04 19:41:44.7545|ERROR|SlackExport.Service.FileImportService|C:\_develop\test\開発\2022-09-23.json読み込みで例外エラー。 エラー内容：インデックスが配列の境界外です。 スタックトレース：   場所 SlackExport.Service.FileImportService.DevelopRegst(FileDto fileDto) 場所 C:\_develop\SlackExport\SlackExport\Service\FileImportService.cs:行 127
2023-05-04 19:41:44.7545|ERROR|SlackExport.Service.FileImportService|C:\_develop\test\開発\2022-10-23.json読み込みで例外エラー。 エラー内容：インデックスが配列の境界外です。 スタックトレース：   場所 SlackExport.Service.FileImportService.DevelopRegst(FileDto fileDto) 場所 C:\_develop\SlackExport\SlackExport\Service\FileImportService.cs:行 127
2023-05-04 19:41:44.7545|ERROR|SlackExport.Service.FileImportService|C:\_develop\test\開発\2022-11-12.json読み込みで例外エラー。 エラー内容：インデックスが配列の境界外です。 スタックトレース：   場所 SlackExport.Service.FileImportService.DevelopRegst(FileDto fileDto) 場所 C:\_develop\SlackExport\SlackExport\Service\FileImportService.cs:行 127
2023-05-04 19:41:44.7545|ERROR|SlackExport.Service.FileImportService|C:\_develop\test\開発\2022-11-26.json読み込みで例外エラー。 エラー内容：インデックスが配列の境界外です。 スタックトレース：   場所 SlackExport.Service.FileImportService.DevelopRegst(FileDto fileDto) 場所 C:\_develop\SlackExport\SlackExport\Service\FileImportService.cs:行 127
2023-05-04 19:41:44.7545|ERROR|SlackExport.Service.FileImportService|C:\_develop\test\開発\2022-12-10.json読み込みで例外エラー。 エラー内容：インデックスが配列の境界外です。 スタックトレース：   場所 SlackExport.Service.FileImportService.DevelopRegst(FileDto fileDto) 場所 C:\_develop\SlackExport\SlackExport\Service\FileImportService.cs:行 127
2023-05-04 19:41:44.7545|ERROR|SlackExport.Service.FileImportService|C:\_develop\test\開発\2023-01-07.json読み込みで例外エラー。 エラー内容：インデックスが配列の境界外です。 スタックトレース：   場所 SlackExport.Service.FileImportService.DevelopRegst(FileDto fileDto) 場所 C:\_develop\SlackExport\SlackExport\Service\FileImportService.cs:行 127
2023-05-04 19:41:44.7545|ERROR|SlackExport.Service.FileImportService|C:\_develop\test\開発\2023-01-08.json読み込みで例外エラー。 エラー内容：インデックスが配列の境界外です。 スタックトレース：   場所 SlackExport.Service.FileImportService.DevelopRegst(FileDto fileDto) 場所 C:\_develop\SlackExport\SlackExport\Service\FileImportService.cs:行 127
2023-05-04 19:41:44.7545|ERROR|SlackExport.Service.FileImportService|C:\_develop\test\開発\2023-01-28.json読み込みで例外エラー。 エラー内容：インデックスが配列の境界外です。 スタックトレース：   場所 SlackExport.Service.FileImportService.DevelopRegst(FileDto fileDto) 場所 C:\_develop\SlackExport\SlackExport\Service\FileImportService.cs:行 127
2023-05-04 19:41:44.7545|ERROR|SlackExport.Service.FileImportService|C:\_develop\test\開発\2023-02-17.json読み込みで例外エラー。 エラー内容：インデックスが配列の境界外です。 スタックトレース：   場所 SlackExport.Service.FileImportService.DevelopRegst(FileDto fileDto) 場所 C:\_develop\SlackExport\SlackExport\Service\FileImportService.cs:行 127
2023-05-04 19:41:44.7545|INFO|SlackExport.Program|処理終了
2023-05-04 19:58:24.0575|INFO|SlackExport.Program|処理開始
2023-05-04 19:58:24.0810|INFO|SlackExport.Service.FileImportService|スキップします。：
2023-05-04 19:58:24.0816|INFO|SlackExport.Service.FileImportService|スキップします。：
2023-05-04 19:58:24.0816|INFO|SlackExport.Service.FileImportService|スキップします。：
2023-05-04 19:58:30.1481|INFO|SlackExport.Program|処理終了
